{"C:\\Users\\Sushant Bagul\\Desktop\\Engineering\\MIS_LAB\\backend\\ai.js": {"path":"C:\\Users\\Sushant Bagul\\Desktop\\Engineering\\MIS_LAB\\backend\\ai.js","statementMap":{"0":{"start":{"line":1,"column":35},"end":{"line":1,"column":69}},"1":{"start":{"line":2,"column":31},"end":{"line":2,"column":63}},"2":{"start":{"line":3,"column":51},"end":{"line":3,"column":86}},"3":{"start":{"line":4,"column":14},"end":{"line":4,"column":28}},"4":{"start":{"line":5,"column":17},"end":{"line":5,"column":49}},"5":{"start":{"line":7,"column":14},"end":{"line":7,"column":35}},"6":{"start":{"line":10,"column":22},"end":{"line":10,"column":24}},"7":{"start":{"line":11,"column":19},"end":{"line":11,"column":58}},"8":{"start":{"line":11,"column":31},"end":{"line":11,"column":58}},"9":{"start":{"line":12,"column":22},"end":{"line":18,"column":1}},"10":{"start":{"line":13,"column":2},"end":{"line":13,"column":57}},"11":{"start":{"line":13,"column":30},"end":{"line":13,"column":57}},"12":{"start":{"line":14,"column":2},"end":{"line":14,"column":78}},"13":{"start":{"line":15,"column":2},"end":{"line":17,"column":3}},"14":{"start":{"line":16,"column":4},"end":{"line":16,"column":62}},"15":{"start":{"line":21,"column":17},"end":{"line":59,"column":2}},"16":{"start":{"line":61,"column":23},"end":{"line":61,"column":47}},"17":{"start":{"line":63,"column":18},"end":{"line":71,"column":20}},"18":{"start":{"line":65,"column":6},"end":{"line":65,"column":60}},"19":{"start":{"line":65,"column":48},"end":{"line":65,"column":60}},"20":{"start":{"line":66,"column":6},"end":{"line":66,"column":78}},"21":{"start":{"line":66,"column":32},"end":{"line":66,"column":78}},"22":{"start":{"line":67,"column":6},"end":{"line":67,"column":80}},"23":{"start":{"line":67,"column":37},"end":{"line":67,"column":80}},"24":{"start":{"line":69,"column":6},"end":{"line":69,"column":18}},"25":{"start":{"line":73,"column":18},"end":{"line":73,"column":65}},"26":{"start":{"line":76,"column":19},"end":{"line":76,"column":64}},"27":{"start":{"line":79,"column":23},"end":{"line":81,"column":3}},"28":{"start":{"line":80,"column":11},"end":{"line":80,"column":72}},"29":{"start":{"line":82,"column":2},"end":{"line":87,"column":3}},"30":{"start":{"line":84,"column":4},"end":{"line":86,"column":32}},"31":{"start":{"line":85,"column":13},"end":{"line":85,"column":77}},"32":{"start":{"line":88,"column":2},"end":{"line":88,"column":18}},"33":{"start":{"line":91,"column":26},"end":{"line":98,"column":1}},"34":{"start":{"line":99,"column":25},"end":{"line":99,"column":60}},"35":{"start":{"line":102,"column":14},"end":{"line":102,"column":30}},"36":{"start":{"line":103,"column":0},"end":{"line":106,"column":1}},"37":{"start":{"line":104,"column":2},"end":{"line":105,"column":72}},"38":{"start":{"line":104,"column":8},"end":{"line":104,"column":40}},"39":{"start":{"line":105,"column":10},"end":{"line":105,"column":53}},"40":{"start":{"line":105,"column":54},"end":{"line":105,"column":70}},"41":{"start":{"line":108,"column":14},"end":{"line":108,"column":64}},"42":{"start":{"line":109,"column":24},"end":{"line":115,"column":2}},"43":{"start":{"line":118,"column":41},"end":{"line":137,"column":1}},"44":{"start":{"line":141,"column":17},"end":{"line":141,"column":39}},"45":{"start":{"line":143,"column":15},"end":{"line":146,"column":4}},"46":{"start":{"line":148,"column":17},"end":{"line":148,"column":49}},"47":{"start":{"line":149,"column":19},"end":{"line":149,"column":40}},"48":{"start":{"line":150,"column":24},"end":{"line":150,"column":56}},"49":{"start":{"line":152,"column":2},"end":{"line":155,"column":3}},"50":{"start":{"line":154,"column":4},"end":{"line":154,"column":66}},"51":{"start":{"line":156,"column":15},"end":{"line":156,"column":42}},"52":{"start":{"line":159,"column":2},"end":{"line":161,"column":3}},"53":{"start":{"line":160,"column":4},"end":{"line":160,"column":62}},"54":{"start":{"line":162,"column":2},"end":{"line":164,"column":3}},"55":{"start":{"line":163,"column":4},"end":{"line":163,"column":58}},"56":{"start":{"line":165,"column":2},"end":{"line":167,"column":3}},"57":{"start":{"line":166,"column":4},"end":{"line":166,"column":62}},"58":{"start":{"line":168,"column":2},"end":{"line":168,"column":14}},"59":{"start":{"line":173,"column":15},"end":{"line":180,"column":4}},"60":{"start":{"line":181,"column":2},"end":{"line":184,"column":3}},"61":{"start":{"line":182,"column":17},"end":{"line":182,"column":50}},"62":{"start":{"line":182,"column":47},"end":{"line":182,"column":49}},"63":{"start":{"line":183,"column":4},"end":{"line":183,"column":90}},"64":{"start":{"line":185,"column":2},"end":{"line":185,"column":39}},"65":{"start":{"line":185,"column":34},"end":{"line":185,"column":36}},"66":{"start":{"line":189,"column":13},"end":{"line":189,"column":51}},"67":{"start":{"line":190,"column":2},"end":{"line":194,"column":32}},"68":{"start":{"line":199,"column":30},"end":{"line":238,"column":1}},"69":{"start":{"line":201,"column":16},"end":{"line":201,"column":41}},"70":{"start":{"line":202,"column":4},"end":{"line":202,"column":63}},"71":{"start":{"line":202,"column":14},"end":{"line":202,"column":63}},"72":{"start":{"line":204,"column":17},"end":{"line":215,"column":6}},"73":{"start":{"line":217,"column":17},"end":{"line":217,"column":52}},"74":{"start":{"line":217,"column":48},"end":{"line":217,"column":50}},"75":{"start":{"line":218,"column":4},"end":{"line":218,"column":56}},"76":{"start":{"line":218,"column":18},"end":{"line":218,"column":56}},"77":{"start":{"line":220,"column":4},"end":{"line":228,"column":6}},"78":{"start":{"line":222,"column":44},"end":{"line":227,"column":7}},"79":{"start":{"line":241,"column":30},"end":{"line":275,"column":1}},"80":{"start":{"line":243,"column":16},"end":{"line":243,"column":41}},"81":{"start":{"line":244,"column":4},"end":{"line":244,"column":63}},"82":{"start":{"line":244,"column":14},"end":{"line":244,"column":63}},"83":{"start":{"line":246,"column":17},"end":{"line":259,"column":6}},"84":{"start":{"line":261,"column":17},"end":{"line":261,"column":52}},"85":{"start":{"line":261,"column":48},"end":{"line":261,"column":50}},"86":{"start":{"line":262,"column":4},"end":{"line":262,"column":56}},"87":{"start":{"line":262,"column":18},"end":{"line":262,"column":56}},"88":{"start":{"line":263,"column":4},"end":{"line":263,"column":16}},"89":{"start":{"line":278,"column":25},"end":{"line":299,"column":1}},"90":{"start":{"line":280,"column":16},"end":{"line":280,"column":41}},"91":{"start":{"line":281,"column":4},"end":{"line":281,"column":57}},"92":{"start":{"line":281,"column":14},"end":{"line":281,"column":57}},"93":{"start":{"line":282,"column":14},"end":{"line":288,"column":6}},"94":{"start":{"line":289,"column":17},"end":{"line":289,"column":31}},"95":{"start":{"line":290,"column":4},"end":{"line":290,"column":37}},"96":{"start":{"line":290,"column":15},"end":{"line":290,"column":37}},"97":{"start":{"line":291,"column":20},"end":{"line":291,"column":36}},"98":{"start":{"line":292,"column":4},"end":{"line":292,"column":53}},"99":{"start":{"line":303,"column":23},"end":{"line":410,"column":1}},"100":{"start":{"line":305,"column":16},"end":{"line":305,"column":41}},"101":{"start":{"line":306,"column":4},"end":{"line":306,"column":57}},"102":{"start":{"line":306,"column":14},"end":{"line":306,"column":57}},"103":{"start":{"line":308,"column":4},"end":{"line":397,"column":5}},"104":{"start":{"line":309,"column":6},"end":{"line":309,"column":51}},"105":{"start":{"line":311,"column":26},"end":{"line":316,"column":7}},"106":{"start":{"line":318,"column":16},"end":{"line":325,"column":8}},"107":{"start":{"line":327,"column":6},"end":{"line":330,"column":7}},"108":{"start":{"line":328,"column":26},"end":{"line":328,"column":40}},"109":{"start":{"line":329,"column":8},"end":{"line":329,"column":74}},"110":{"start":{"line":332,"column":19},"end":{"line":332,"column":33}},"111":{"start":{"line":333,"column":25},"end":{"line":333,"column":46}},"112":{"start":{"line":335,"column":6},"end":{"line":337,"column":7}},"113":{"start":{"line":336,"column":8},"end":{"line":336,"column":81}},"114":{"start":{"line":340,"column":29},"end":{"line":340,"column":119}},"115":{"start":{"line":341,"column":27},"end":{"line":352,"column":8}},"116":{"start":{"line":342,"column":8},"end":{"line":342,"column":57}},"117":{"start":{"line":342,"column":44},"end":{"line":342,"column":57}},"118":{"start":{"line":344,"column":24},"end":{"line":344,"column":74}},"119":{"start":{"line":345,"column":21},"end":{"line":345,"column":74}},"120":{"start":{"line":348,"column":8},"end":{"line":351,"column":10}},"121":{"start":{"line":349,"column":10},"end":{"line":350,"column":46}},"122":{"start":{"line":355,"column":27},"end":{"line":372,"column":7}},"123":{"start":{"line":356,"column":8},"end":{"line":356,"column":43}},"124":{"start":{"line":356,"column":33},"end":{"line":356,"column":43}},"125":{"start":{"line":358,"column":26},"end":{"line":369,"column":23}},"126":{"start":{"line":359,"column":25},"end":{"line":359,"column":71}},"127":{"start":{"line":360,"column":26},"end":{"line":360,"column":70}},"128":{"start":{"line":361,"column":23},"end":{"line":361,"column":89}},"129":{"start":{"line":362,"column":26},"end":{"line":362,"column":91}},"130":{"start":{"line":364,"column":10},"end":{"line":368,"column":33}},"131":{"start":{"line":371,"column":8},"end":{"line":371,"column":64}},"132":{"start":{"line":374,"column":21},"end":{"line":374,"column":23}},"133":{"start":{"line":376,"column":6},"end":{"line":389,"column":7}},"134":{"start":{"line":377,"column":8},"end":{"line":377,"column":71}},"135":{"start":{"line":378,"column":8},"end":{"line":380,"column":9}},"136":{"start":{"line":379,"column":10},"end":{"line":379,"column":137}},"137":{"start":{"line":383,"column":8},"end":{"line":383,"column":61}},"138":{"start":{"line":385,"column":8},"end":{"line":388,"column":9}},"139":{"start":{"line":386,"column":10},"end":{"line":386,"column":96}},"140":{"start":{"line":387,"column":10},"end":{"line":387,"column":112}},"141":{"start":{"line":391,"column":6},"end":{"line":391,"column":112}},"142":{"start":{"line":392,"column":6},"end":{"line":392,"column":22}},"143":{"start":{"line":395,"column":6},"end":{"line":395,"column":49}},"144":{"start":{"line":396,"column":6},"end":{"line":396,"column":65}},"145":{"start":{"line":414,"column":18},"end":{"line":414,"column":52}},"146":{"start":{"line":415,"column":15},"end":{"line":415,"column":52}},"147":{"start":{"line":416,"column":17},"end":{"line":416,"column":49}},"148":{"start":{"line":419,"column":14},"end":{"line":419,"column":81}},"149":{"start":{"line":420,"column":2},"end":{"line":422,"column":3}},"150":{"start":{"line":421,"column":4},"end":{"line":421,"column":36}},"151":{"start":{"line":425,"column":2},"end":{"line":427,"column":3}},"152":{"start":{"line":426,"column":4},"end":{"line":426,"column":43}},"153":{"start":{"line":430,"column":20},"end":{"line":430,"column":22}},"154":{"start":{"line":432,"column":2},"end":{"line":434,"column":3}},"155":{"start":{"line":433,"column":4},"end":{"line":433,"column":43}},"156":{"start":{"line":436,"column":2},"end":{"line":438,"column":3}},"157":{"start":{"line":437,"column":4},"end":{"line":437,"column":56}},"158":{"start":{"line":440,"column":2},"end":{"line":442,"column":3}},"159":{"start":{"line":441,"column":4},"end":{"line":441,"column":74}},"160":{"start":{"line":444,"column":2},"end":{"line":444,"column":42}},"161":{"start":{"line":446,"column":2},"end":{"line":465,"column":3}},"162":{"start":{"line":448,"column":20},"end":{"line":455,"column":13}},"163":{"start":{"line":458,"column":4},"end":{"line":460,"column":5}},"164":{"start":{"line":459,"column":6},"end":{"line":459,"column":55}},"165":{"start":{"line":462,"column":4},"end":{"line":462,"column":29}},"166":{"start":{"line":464,"column":4},"end":{"line":464,"column":50}},"167":{"start":{"line":468,"column":25},"end":{"line":468,"column":111}},"168":{"start":{"line":469,"column":23},"end":{"line":469,"column":109}},"169":{"start":{"line":471,"column":23},"end":{"line":471,"column":59}},"170":{"start":{"line":472,"column":17},"end":{"line":472,"column":25}},"171":{"start":{"line":474,"column":2},"end":{"line":478,"column":3}},"172":{"start":{"line":474,"column":37},"end":{"line":474,"column":67}},"173":{"start":{"line":475,"column":4},"end":{"line":475,"column":24}},"174":{"start":{"line":476,"column":9},"end":{"line":478,"column":3}},"175":{"start":{"line":476,"column":42},"end":{"line":476,"column":72}},"176":{"start":{"line":477,"column":4},"end":{"line":477,"column":22}},"177":{"start":{"line":481,"column":29},"end":{"line":488,"column":3}},"178":{"start":{"line":490,"column":19},"end":{"line":490,"column":35}},"179":{"start":{"line":492,"column":2},"end":{"line":497,"column":3}},"180":{"start":{"line":493,"column":4},"end":{"line":496,"column":5}},"181":{"start":{"line":493,"column":33},"end":{"line":493,"column":63}},"182":{"start":{"line":494,"column":6},"end":{"line":494,"column":24}},"183":{"start":{"line":495,"column":6},"end":{"line":495,"column":12}},"184":{"start":{"line":499,"column":2},"end":{"line":511,"column":4}},"185":{"start":{"line":515,"column":35},"end":{"line":697,"column":1}},"186":{"start":{"line":517,"column":16},"end":{"line":517,"column":41}},"187":{"start":{"line":518,"column":4},"end":{"line":518,"column":57}},"188":{"start":{"line":518,"column":14},"end":{"line":518,"column":57}},"189":{"start":{"line":520,"column":4},"end":{"line":682,"column":5}},"190":{"start":{"line":521,"column":6},"end":{"line":521,"column":55}},"191":{"start":{"line":524,"column":24},"end":{"line":529,"column":7}},"192":{"start":{"line":531,"column":24},"end":{"line":538,"column":8}},"193":{"start":{"line":540,"column":6},"end":{"line":543,"column":7}},"194":{"start":{"line":541,"column":24},"end":{"line":541,"column":46}},"195":{"start":{"line":542,"column":8},"end":{"line":542,"column":80}},"196":{"start":{"line":545,"column":24},"end":{"line":545,"column":46}},"197":{"start":{"line":546,"column":24},"end":{"line":546,"column":50}},"198":{"start":{"line":548,"column":6},"end":{"line":550,"column":7}},"199":{"start":{"line":549,"column":8},"end":{"line":549,"column":65}},"200":{"start":{"line":553,"column":29},"end":{"line":556,"column":7}},"201":{"start":{"line":558,"column":33},"end":{"line":576,"column":8}},"202":{"start":{"line":559,"column":24},"end":{"line":559,"column":74}},"203":{"start":{"line":560,"column":21},"end":{"line":560,"column":74}},"204":{"start":{"line":561,"column":24},"end":{"line":561,"column":44}},"205":{"start":{"line":564,"column":33},"end":{"line":566,"column":9}},"206":{"start":{"line":565,"column":10},"end":{"line":565,"column":49}},"207":{"start":{"line":569,"column":31},"end":{"line":571,"column":60}},"208":{"start":{"line":573,"column":34},"end":{"line":573,"column":53}},"209":{"start":{"line":575,"column":8},"end":{"line":575,"column":71}},"210":{"start":{"line":578,"column":6},"end":{"line":578,"column":113}},"211":{"start":{"line":580,"column":6},"end":{"line":584,"column":7}},"212":{"start":{"line":581,"column":8},"end":{"line":583,"column":74}},"213":{"start":{"line":587,"column":22},"end":{"line":592,"column":7}},"214":{"start":{"line":594,"column":6},"end":{"line":643,"column":7}},"215":{"start":{"line":595,"column":8},"end":{"line":642,"column":9}},"216":{"start":{"line":596,"column":29},"end":{"line":596,"column":55}},"217":{"start":{"line":599,"column":10},"end":{"line":601,"column":11}},"218":{"start":{"line":600,"column":12},"end":{"line":600,"column":49}},"219":{"start":{"line":602,"column":10},"end":{"line":604,"column":11}},"220":{"start":{"line":603,"column":12},"end":{"line":603,"column":53}},"221":{"start":{"line":605,"column":10},"end":{"line":607,"column":11}},"222":{"start":{"line":606,"column":12},"end":{"line":606,"column":53}},"223":{"start":{"line":609,"column":10},"end":{"line":609,"column":72}},"224":{"start":{"line":611,"column":29},"end":{"line":618,"column":12}},"225":{"start":{"line":620,"column":29},"end":{"line":620,"column":52}},"226":{"start":{"line":622,"column":10},"end":{"line":632,"column":11}},"227":{"start":{"line":623,"column":12},"end":{"line":629,"column":15}},"228":{"start":{"line":631,"column":12},"end":{"line":631,"column":103}},"229":{"start":{"line":635,"column":10},"end":{"line":635,"column":89}},"230":{"start":{"line":636,"column":10},"end":{"line":641,"column":13}},"231":{"start":{"line":646,"column":21},"end":{"line":646,"column":62}},"232":{"start":{"line":647,"column":6},"end":{"line":647,"column":75}},"233":{"start":{"line":648,"column":6},"end":{"line":648,"column":85}},"234":{"start":{"line":649,"column":6},"end":{"line":649,"column":69}},"235":{"start":{"line":651,"column":6},"end":{"line":659,"column":7}},"236":{"start":{"line":652,"column":8},"end":{"line":652,"column":60}},"237":{"start":{"line":653,"column":8},"end":{"line":658,"column":11}},"238":{"start":{"line":654,"column":10},"end":{"line":654,"column":67}},"239":{"start":{"line":655,"column":10},"end":{"line":655,"column":56}},"240":{"start":{"line":656,"column":10},"end":{"line":656,"column":61}},"241":{"start":{"line":657,"column":10},"end":{"line":657,"column":103}},"242":{"start":{"line":661,"column":6},"end":{"line":668,"column":7}},"243":{"start":{"line":662,"column":8},"end":{"line":662,"column":54}},"244":{"start":{"line":663,"column":8},"end":{"line":667,"column":11}},"245":{"start":{"line":664,"column":10},"end":{"line":664,"column":69}},"246":{"start":{"line":665,"column":10},"end":{"line":665,"column":56}},"247":{"start":{"line":666,"column":10},"end":{"line":666,"column":58}},"248":{"start":{"line":670,"column":6},"end":{"line":675,"column":7}},"249":{"start":{"line":671,"column":8},"end":{"line":671,"column":55}},"250":{"start":{"line":672,"column":8},"end":{"line":672,"column":75}},"251":{"start":{"line":673,"column":8},"end":{"line":673,"column":80}},"252":{"start":{"line":674,"column":8},"end":{"line":674,"column":66}},"253":{"start":{"line":677,"column":6},"end":{"line":677,"column":22}},"254":{"start":{"line":680,"column":6},"end":{"line":680,"column":59}},"255":{"start":{"line":681,"column":6},"end":{"line":681,"column":79}},"256":{"start":{"line":700,"column":38},"end":{"line":736,"column":1}},"257":{"start":{"line":702,"column":16},"end":{"line":702,"column":41}},"258":{"start":{"line":703,"column":4},"end":{"line":703,"column":57}},"259":{"start":{"line":703,"column":14},"end":{"line":703,"column":57}},"260":{"start":{"line":704,"column":27},"end":{"line":704,"column":38}},"261":{"start":{"line":705,"column":4},"end":{"line":705,"column":63}},"262":{"start":{"line":705,"column":21},"end":{"line":705,"column":63}},"263":{"start":{"line":707,"column":16},"end":{"line":707,"column":116}},"264":{"start":{"line":708,"column":14},"end":{"line":711,"column":6}},"265":{"start":{"line":712,"column":17},"end":{"line":712,"column":31}},"266":{"start":{"line":713,"column":4},"end":{"line":713,"column":53}},"267":{"start":{"line":713,"column":15},"end":{"line":713,"column":53}},"268":{"start":{"line":715,"column":20},"end":{"line":721,"column":7}},"269":{"start":{"line":715,"column":66},"end":{"line":721,"column":5}},"270":{"start":{"line":722,"column":4},"end":{"line":729,"column":6}},"271":{"start":{"line":727,"column":129},"end":{"line":727,"column":191}},"272":{"start":{"line":738,"column":27},"end":{"line":799,"column":1}},"273":{"start":{"line":740,"column":16},"end":{"line":740,"column":41}},"274":{"start":{"line":741,"column":4},"end":{"line":741,"column":63}},"275":{"start":{"line":741,"column":14},"end":{"line":741,"column":63}},"276":{"start":{"line":743,"column":4},"end":{"line":788,"column":5}},"277":{"start":{"line":744,"column":6},"end":{"line":744,"column":49}},"278":{"start":{"line":745,"column":22},"end":{"line":745,"column":68}},"279":{"start":{"line":746,"column":20},"end":{"line":746,"column":56}},"280":{"start":{"line":748,"column":6},"end":{"line":748,"column":61}},"281":{"start":{"line":748,"column":24},"end":{"line":748,"column":61}},"282":{"start":{"line":749,"column":6},"end":{"line":749,"column":67}},"283":{"start":{"line":749,"column":26},"end":{"line":749,"column":67}},"284":{"start":{"line":750,"column":6},"end":{"line":750,"column":89}},"285":{"start":{"line":750,"column":38},"end":{"line":750,"column":89}},"286":{"start":{"line":752,"column":23},"end":{"line":755,"column":8}},"287":{"start":{"line":757,"column":6},"end":{"line":759,"column":7}},"288":{"start":{"line":758,"column":8},"end":{"line":758,"column":61}},"289":{"start":{"line":761,"column":19},"end":{"line":761,"column":40}},"290":{"start":{"line":762,"column":22},"end":{"line":762,"column":40}},"291":{"start":{"line":764,"column":6},"end":{"line":766,"column":7}},"292":{"start":{"line":765,"column":8},"end":{"line":765,"column":42}},"293":{"start":{"line":769,"column":21},"end":{"line":773,"column":8}},"294":{"start":{"line":770,"column":22},"end":{"line":770,"column":64}},"295":{"start":{"line":771,"column":22},"end":{"line":771,"column":64}},"296":{"start":{"line":772,"column":8},"end":{"line":772,"column":29}},"297":{"start":{"line":775,"column":21},"end":{"line":775,"column":39}},"298":{"start":{"line":777,"column":26},"end":{"line":779,"column":18}},"299":{"start":{"line":778,"column":8},"end":{"line":778,"column":121}},"300":{"start":{"line":781,"column":22},"end":{"line":781,"column":99}},"301":{"start":{"line":783,"column":6},"end":{"line":783,"column":55}},"302":{"start":{"line":784,"column":6},"end":{"line":784,"column":21}},"303":{"start":{"line":786,"column":6},"end":{"line":786,"column":67}},"304":{"start":{"line":787,"column":6},"end":{"line":787,"column":18}},"305":{"start":{"line":801,"column":29},"end":{"line":867,"column":1}},"306":{"start":{"line":803,"column":16},"end":{"line":803,"column":41}},"307":{"start":{"line":804,"column":4},"end":{"line":804,"column":63}},"308":{"start":{"line":804,"column":14},"end":{"line":804,"column":63}},"309":{"start":{"line":806,"column":4},"end":{"line":856,"column":5}},"310":{"start":{"line":808,"column":6},"end":{"line":810,"column":7}},"311":{"start":{"line":809,"column":8},"end":{"line":809,"column":72}},"312":{"start":{"line":812,"column":6},"end":{"line":812,"column":49}},"313":{"start":{"line":813,"column":22},"end":{"line":813,"column":68}},"314":{"start":{"line":814,"column":20},"end":{"line":814,"column":58}},"315":{"start":{"line":816,"column":6},"end":{"line":816,"column":61}},"316":{"start":{"line":816,"column":24},"end":{"line":816,"column":61}},"317":{"start":{"line":817,"column":6},"end":{"line":817,"column":67}},"318":{"start":{"line":817,"column":26},"end":{"line":817,"column":67}},"319":{"start":{"line":818,"column":6},"end":{"line":818,"column":89}},"320":{"start":{"line":818,"column":38},"end":{"line":818,"column":89}},"321":{"start":{"line":820,"column":23},"end":{"line":823,"column":8}},"322":{"start":{"line":825,"column":6},"end":{"line":827,"column":7}},"323":{"start":{"line":826,"column":8},"end":{"line":826,"column":61}},"324":{"start":{"line":829,"column":19},"end":{"line":829,"column":40}},"325":{"start":{"line":830,"column":22},"end":{"line":830,"column":40}},"326":{"start":{"line":832,"column":6},"end":{"line":834,"column":7}},"327":{"start":{"line":833,"column":8},"end":{"line":833,"column":49}},"328":{"start":{"line":837,"column":21},"end":{"line":841,"column":8}},"329":{"start":{"line":838,"column":22},"end":{"line":838,"column":64}},"330":{"start":{"line":839,"column":22},"end":{"line":839,"column":64}},"331":{"start":{"line":840,"column":8},"end":{"line":840,"column":29}},"332":{"start":{"line":843,"column":21},"end":{"line":843,"column":39}},"333":{"start":{"line":845,"column":26},"end":{"line":847,"column":18}},"334":{"start":{"line":846,"column":8},"end":{"line":846,"column":82}},"335":{"start":{"line":849,"column":22},"end":{"line":849,"column":99}},"336":{"start":{"line":851,"column":6},"end":{"line":851,"column":55}},"337":{"start":{"line":852,"column":6},"end":{"line":852,"column":21}},"338":{"start":{"line":854,"column":6},"end":{"line":854,"column":67}},"339":{"start":{"line":855,"column":6},"end":{"line":855,"column":18}},"340":{"start":{"line":870,"column":25},"end":{"line":916,"column":1}},"341":{"start":{"line":872,"column":16},"end":{"line":872,"column":41}},"342":{"start":{"line":873,"column":27},"end":{"line":873,"column":69}},"343":{"start":{"line":874,"column":4},"end":{"line":874,"column":63}},"344":{"start":{"line":874,"column":14},"end":{"line":874,"column":63}},"345":{"start":{"line":877,"column":15},"end":{"line":877,"column":27}},"346":{"start":{"line":879,"column":6},"end":{"line":879,"column":76}},"347":{"start":{"line":881,"column":4},"end":{"line":884,"column":5}},"348":{"start":{"line":882,"column":6},"end":{"line":882,"column":79}},"349":{"start":{"line":882,"column":27},"end":{"line":882,"column":79}},"350":{"start":{"line":883,"column":6},"end":{"line":883,"column":62}},"351":{"start":{"line":887,"column":4},"end":{"line":889,"column":5}},"352":{"start":{"line":888,"column":6},"end":{"line":888,"column":86}},"353":{"start":{"line":892,"column":19},"end":{"line":892,"column":51}},"354":{"start":{"line":893,"column":4},"end":{"line":893,"column":41}},"355":{"start":{"line":921,"column":2},"end":{"line":921,"column":47}},"356":{"start":{"line":924,"column":17},"end":{"line":936,"column":1}},"357":{"start":{"line":938,"column":12},"end":{"line":956,"column":2}},"358":{"start":{"line":959,"column":2},"end":{"line":1023,"column":5}},"359":{"start":{"line":960,"column":24},"end":{"line":960,"column":38}},"360":{"start":{"line":961,"column":4},"end":{"line":963,"column":5}},"361":{"start":{"line":962,"column":6},"end":{"line":962,"column":91}},"362":{"start":{"line":964,"column":19},"end":{"line":964,"column":31}},"363":{"start":{"line":965,"column":21},"end":{"line":965,"column":35}},"364":{"start":{"line":966,"column":4},"end":{"line":966,"column":72}},"365":{"start":{"line":966,"column":17},"end":{"line":966,"column":72}},"366":{"start":{"line":968,"column":4},"end":{"line":968,"column":50}},"367":{"start":{"line":970,"column":4},"end":{"line":1022,"column":5}},"368":{"start":{"line":971,"column":23},"end":{"line":971,"column":63}},"369":{"start":{"line":974,"column":20},"end":{"line":974,"column":102}},"370":{"start":{"line":974,"column":41},"end":{"line":974,"column":100}},"371":{"start":{"line":976,"column":6},"end":{"line":983,"column":7}},"372":{"start":{"line":977,"column":8},"end":{"line":977,"column":61}},"373":{"start":{"line":978,"column":8},"end":{"line":982,"column":11}},"374":{"start":{"line":984,"column":23},"end":{"line":984,"column":76}},"375":{"start":{"line":986,"column":24},"end":{"line":986,"column":49}},"376":{"start":{"line":987,"column":6},"end":{"line":1010,"column":7}},"377":{"start":{"line":988,"column":25},"end":{"line":988,"column":37}},"378":{"start":{"line":989,"column":25},"end":{"line":989,"column":38}},"379":{"start":{"line":990,"column":25},"end":{"line":990,"column":44}},"380":{"start":{"line":992,"column":8},"end":{"line":1009,"column":9}},"381":{"start":{"line":993,"column":10},"end":{"line":1008,"column":11}},"382":{"start":{"line":994,"column":31},"end":{"line":996,"column":14}},"383":{"start":{"line":998,"column":26},"end":{"line":1000,"column":67}},"384":{"start":{"line":1002,"column":12},"end":{"line":1002,"column":54}},"385":{"start":{"line":1003,"column":12},"end":{"line":1003,"column":96}},"386":{"start":{"line":1005,"column":31},"end":{"line":1005,"column":77}},"387":{"start":{"line":1006,"column":12},"end":{"line":1006,"column":59}},"388":{"start":{"line":1007,"column":12},"end":{"line":1007,"column":114}},"389":{"start":{"line":1011,"column":20},"end":{"line":1015,"column":49}},"390":{"start":{"line":1016,"column":6},"end":{"line":1016,"column":48}},"391":{"start":{"line":1017,"column":6},"end":{"line":1017,"column":70}},"392":{"start":{"line":1019,"column":6},"end":{"line":1019,"column":43}},"393":{"start":{"line":1020,"column":20},"end":{"line":1020,"column":104}},"394":{"start":{"line":1021,"column":6},"end":{"line":1021,"column":90}},"395":{"start":{"line":1025,"column":2},"end":{"line":1025,"column":43}},"396":{"start":{"line":1028,"column":0},"end":{"line":1028,"column":40}}},"fnMap":{"0":{"name":"(anonymous_0)","decl":{"start":{"line":11,"column":19},"end":{"line":11,"column":20}},"loc":{"start":{"line":11,"column":31},"end":{"line":11,"column":58}},"line":11},"1":{"name":"(anonymous_1)","decl":{"start":{"line":12,"column":22},"end":{"line":12,"column":23}},"loc":{"start":{"line":12,"column":49},"end":{"line":18,"column":1}},"line":12},"2":{"name":"buildMessages","decl":{"start":{"line":20,"column":9},"end":{"line":20,"column":22}},"loc":{"start":{"line":20,"column":51},"end":{"line":89,"column":1}},"line":20},"3":{"name":"(anonymous_3)","decl":{"start":{"line":64,"column":9},"end":{"line":64,"column":10}},"loc":{"start":{"line":64,"column":19},"end":{"line":70,"column":5}},"line":64},"4":{"name":"(anonymous_4)","decl":{"start":{"line":80,"column":4},"end":{"line":80,"column":5}},"loc":{"start":{"line":80,"column":11},"end":{"line":80,"column":72}},"line":80},"5":{"name":"(anonymous_5)","decl":{"start":{"line":85,"column":6},"end":{"line":85,"column":7}},"loc":{"start":{"line":85,"column":13},"end":{"line":85,"column":77}},"line":85},"6":{"name":"parseCreateTicketArgs","decl":{"start":{"line":140,"column":15},"end":{"line":140,"column":36}},"loc":{"start":{"line":140,"column":52},"end":{"line":169,"column":1}},"line":140},"7":{"name":"postTicketToAPI","decl":{"start":{"line":172,"column":15},"end":{"line":172,"column":30}},"loc":{"start":{"line":172,"column":45},"end":{"line":186,"column":1}},"line":172},"8":{"name":"(anonymous_8)","decl":{"start":{"line":182,"column":41},"end":{"line":182,"column":42}},"loc":{"start":{"line":182,"column":47},"end":{"line":182,"column":49}},"line":182},"9":{"name":"(anonymous_9)","decl":{"start":{"line":185,"column":27},"end":{"line":185,"column":28}},"loc":{"start":{"line":185,"column":34},"end":{"line":185,"column":36}},"line":185},"10":{"name":"summarizeTicket","decl":{"start":{"line":188,"column":9},"end":{"line":188,"column":24}},"loc":{"start":{"line":188,"column":42},"end":{"line":195,"column":1}},"line":188},"11":{"name":"(anonymous_11)","decl":{"start":{"line":200,"column":2},"end":{"line":200,"column":3}},"loc":{"start":{"line":200,"column":27},"end":{"line":229,"column":3}},"line":200},"12":{"name":"(anonymous_12)","decl":{"start":{"line":217,"column":41},"end":{"line":217,"column":42}},"loc":{"start":{"line":217,"column":48},"end":{"line":217,"column":50}},"line":217},"13":{"name":"(anonymous_13)","decl":{"start":{"line":222,"column":38},"end":{"line":222,"column":39}},"loc":{"start":{"line":222,"column":44},"end":{"line":227,"column":7}},"line":222},"14":{"name":"(anonymous_14)","decl":{"start":{"line":242,"column":2},"end":{"line":242,"column":3}},"loc":{"start":{"line":242,"column":27},"end":{"line":264,"column":3}},"line":242},"15":{"name":"(anonymous_15)","decl":{"start":{"line":261,"column":41},"end":{"line":261,"column":42}},"loc":{"start":{"line":261,"column":48},"end":{"line":261,"column":50}},"line":261},"16":{"name":"(anonymous_16)","decl":{"start":{"line":279,"column":2},"end":{"line":279,"column":3}},"loc":{"start":{"line":279,"column":28},"end":{"line":293,"column":3}},"line":279},"17":{"name":"(anonymous_17)","decl":{"start":{"line":304,"column":2},"end":{"line":304,"column":3}},"loc":{"start":{"line":304,"column":27},"end":{"line":398,"column":3}},"line":304},"18":{"name":"(anonymous_18)","decl":{"start":{"line":341,"column":45},"end":{"line":341,"column":46}},"loc":{"start":{"line":341,"column":54},"end":{"line":352,"column":7}},"line":341},"19":{"name":"(anonymous_19)","decl":{"start":{"line":348,"column":35},"end":{"line":348,"column":36}},"loc":{"start":{"line":349,"column":10},"end":{"line":350,"column":46}},"line":349},"20":{"name":"(anonymous_20)","decl":{"start":{"line":355,"column":27},"end":{"line":355,"column":28}},"loc":{"start":{"line":355,"column":46},"end":{"line":372,"column":7}},"line":355},"21":{"name":"(anonymous_21)","decl":{"start":{"line":358,"column":50},"end":{"line":358,"column":51}},"loc":{"start":{"line":358,"column":68},"end":{"line":369,"column":9}},"line":358},"22":{"name":"parseEmailForTicket","decl":{"start":{"line":413,"column":9},"end":{"line":413,"column":28}},"loc":{"start":{"line":413,"column":36},"end":{"line":512,"column":1}},"line":413},"23":{"name":"(anonymous_23)","decl":{"start":{"line":474,"column":26},"end":{"line":474,"column":27}},"loc":{"start":{"line":474,"column":37},"end":{"line":474,"column":67}},"line":474},"24":{"name":"(anonymous_24)","decl":{"start":{"line":476,"column":31},"end":{"line":476,"column":32}},"loc":{"start":{"line":476,"column":42},"end":{"line":476,"column":72}},"line":476},"25":{"name":"(anonymous_25)","decl":{"start":{"line":493,"column":22},"end":{"line":493,"column":23}},"loc":{"start":{"line":493,"column":33},"end":{"line":493,"column":63}},"line":493},"26":{"name":"(anonymous_26)","decl":{"start":{"line":516,"column":2},"end":{"line":516,"column":3}},"loc":{"start":{"line":516,"column":27},"end":{"line":683,"column":3}},"line":516},"27":{"name":"(anonymous_27)","decl":{"start":{"line":558,"column":50},"end":{"line":558,"column":51}},"loc":{"start":{"line":558,"column":59},"end":{"line":576,"column":7}},"line":558},"28":{"name":"(anonymous_28)","decl":{"start":{"line":564,"column":53},"end":{"line":564,"column":54}},"loc":{"start":{"line":565,"column":10},"end":{"line":565,"column":49}},"line":565},"29":{"name":"(anonymous_29)","decl":{"start":{"line":653,"column":35},"end":{"line":653,"column":36}},"loc":{"start":{"line":653,"column":54},"end":{"line":658,"column":9}},"line":653},"30":{"name":"(anonymous_30)","decl":{"start":{"line":663,"column":31},"end":{"line":663,"column":32}},"loc":{"start":{"line":663,"column":50},"end":{"line":667,"column":9}},"line":663},"31":{"name":"(anonymous_31)","decl":{"start":{"line":701,"column":2},"end":{"line":701,"column":3}},"loc":{"start":{"line":701,"column":27},"end":{"line":730,"column":3}},"line":701},"32":{"name":"(anonymous_32)","decl":{"start":{"line":715,"column":53},"end":{"line":715,"column":54}},"loc":{"start":{"line":715,"column":66},"end":{"line":721,"column":5}},"line":715},"33":{"name":"(anonymous_33)","decl":{"start":{"line":727,"column":124},"end":{"line":727,"column":125}},"loc":{"start":{"line":727,"column":129},"end":{"line":727,"column":191}},"line":727},"34":{"name":"(anonymous_34)","decl":{"start":{"line":739,"column":2},"end":{"line":739,"column":3}},"loc":{"start":{"line":739,"column":27},"end":{"line":789,"column":3}},"line":739},"35":{"name":"(anonymous_35)","decl":{"start":{"line":769,"column":39},"end":{"line":769,"column":40}},"loc":{"start":{"line":769,"column":49},"end":{"line":773,"column":7}},"line":769},"36":{"name":"(anonymous_36)","decl":{"start":{"line":777,"column":37},"end":{"line":777,"column":38}},"loc":{"start":{"line":778,"column":8},"end":{"line":778,"column":121}},"line":778},"37":{"name":"(anonymous_37)","decl":{"start":{"line":802,"column":2},"end":{"line":802,"column":3}},"loc":{"start":{"line":802,"column":27},"end":{"line":857,"column":3}},"line":802},"38":{"name":"(anonymous_38)","decl":{"start":{"line":837,"column":39},"end":{"line":837,"column":40}},"loc":{"start":{"line":837,"column":49},"end":{"line":841,"column":7}},"line":837},"39":{"name":"(anonymous_39)","decl":{"start":{"line":845,"column":37},"end":{"line":845,"column":38}},"loc":{"start":{"line":846,"column":8},"end":{"line":846,"column":82}},"line":846},"40":{"name":"(anonymous_40)","decl":{"start":{"line":871,"column":2},"end":{"line":871,"column":3}},"loc":{"start":{"line":871,"column":27},"end":{"line":894,"column":3}},"line":871},"41":{"name":"setupChatbotRoutes","decl":{"start":{"line":920,"column":9},"end":{"line":920,"column":27}},"loc":{"start":{"line":920,"column":33},"end":{"line":1026,"column":1}},"line":920},"42":{"name":"(anonymous_42)","decl":{"start":{"line":959,"column":27},"end":{"line":959,"column":28}},"loc":{"start":{"line":959,"column":47},"end":{"line":1023,"column":3}},"line":959},"43":{"name":"(anonymous_43)","decl":{"start":{"line":974,"column":33},"end":{"line":974,"column":34}},"loc":{"start":{"line":974,"column":41},"end":{"line":974,"column":100}},"line":974}},"branchMap":{"0":{"loc":{"start":{"line":11,"column":31},"end":{"line":11,"column":58}},"type":"binary-expr","locations":[{"start":{"line":11,"column":31},"end":{"line":11,"column":52}},{"start":{"line":11,"column":56},"end":{"line":11,"column":58}}],"line":11},"1":{"loc":{"start":{"line":13,"column":2},"end":{"line":13,"column":57}},"type":"if","locations":[{"start":{"line":13,"column":2},"end":{"line":13,"column":57}},{"start":{},"end":{}}],"line":13},"2":{"loc":{"start":{"line":15,"column":2},"end":{"line":17,"column":3}},"type":"if","locations":[{"start":{"line":15,"column":2},"end":{"line":17,"column":3}},{"start":{},"end":{}}],"line":15},"3":{"loc":{"start":{"line":61,"column":23},"end":{"line":61,"column":47}},"type":"binary-expr","locations":[{"start":{"line":61,"column":23},"end":{"line":61,"column":41}},{"start":{"line":61,"column":45},"end":{"line":61,"column":47}}],"line":61},"4":{"loc":{"start":{"line":65,"column":6},"end":{"line":65,"column":60}},"type":"if","locations":[{"start":{"line":65,"column":6},"end":{"line":65,"column":60}},{"start":{},"end":{}}],"line":65},"5":{"loc":{"start":{"line":65,"column":10},"end":{"line":65,"column":46}},"type":"binary-expr","locations":[{"start":{"line":65,"column":10},"end":{"line":65,"column":15}},{"start":{"line":65,"column":19},"end":{"line":65,"column":29}},{"start":{"line":65,"column":33},"end":{"line":65,"column":46}}],"line":65},"6":{"loc":{"start":{"line":66,"column":6},"end":{"line":66,"column":78}},"type":"if","locations":[{"start":{"line":66,"column":6},"end":{"line":66,"column":78}},{"start":{},"end":{}}],"line":66},"7":{"loc":{"start":{"line":67,"column":6},"end":{"line":67,"column":80}},"type":"if","locations":[{"start":{"line":67,"column":6},"end":{"line":67,"column":80}},{"start":{},"end":{}}],"line":67},"8":{"loc":{"start":{"line":73,"column":42},"end":{"line":73,"column":56}},"type":"binary-expr","locations":[{"start":{"line":73,"column":42},"end":{"line":73,"column":50}},{"start":{"line":73,"column":54},"end":{"line":73,"column":56}}],"line":73},"9":{"loc":{"start":{"line":80,"column":11},"end":{"line":80,"column":72}},"type":"binary-expr","locations":[{"start":{"line":80,"column":11},"end":{"line":80,"column":43}},{"start":{"line":80,"column":47},"end":{"line":80,"column":72}}],"line":80},"10":{"loc":{"start":{"line":82,"column":2},"end":{"line":87,"column":3}},"type":"if","locations":[{"start":{"line":82,"column":2},"end":{"line":87,"column":3}},{"start":{},"end":{}}],"line":82},"11":{"loc":{"start":{"line":85,"column":15},"end":{"line":85,"column":76}},"type":"binary-expr","locations":[{"start":{"line":85,"column":15},"end":{"line":85,"column":47}},{"start":{"line":85,"column":51},"end":{"line":85,"column":76}}],"line":85},"12":{"loc":{"start":{"line":103,"column":0},"end":{"line":106,"column":1}},"type":"if","locations":[{"start":{"line":103,"column":0},"end":{"line":106,"column":1}},{"start":{},"end":{}}],"line":103},"13":{"loc":{"start":{"line":110,"column":9},"end":{"line":110,"column":55}},"type":"binary-expr","locations":[{"start":{"line":110,"column":9},"end":{"line":110,"column":33}},{"start":{"line":110,"column":37},"end":{"line":110,"column":55}}],"line":110},"14":{"loc":{"start":{"line":141,"column":17},"end":{"line":141,"column":39}},"type":"binary-expr","locations":[{"start":{"line":141,"column":17},"end":{"line":141,"column":29}},{"start":{"line":141,"column":33},"end":{"line":141,"column":39}}],"line":141},"15":{"loc":{"start":{"line":145,"column":53},"end":{"line":145,"column":67}},"type":"binary-expr","locations":[{"start":{"line":145,"column":53},"end":{"line":145,"column":61}},{"start":{"line":145,"column":65},"end":{"line":145,"column":67}}],"line":145},"16":{"loc":{"start":{"line":150,"column":24},"end":{"line":150,"column":56}},"type":"binary-expr","locations":[{"start":{"line":150,"column":24},"end":{"line":150,"column":50}},{"start":{"line":150,"column":54},"end":{"line":150,"column":56}}],"line":150},"17":{"loc":{"start":{"line":152,"column":2},"end":{"line":155,"column":3}},"type":"if","locations":[{"start":{"line":152,"column":2},"end":{"line":155,"column":3}},{"start":{},"end":{}}],"line":152},"18":{"loc":{"start":{"line":152,"column":6},"end":{"line":152,"column":72}},"type":"binary-expr","locations":[{"start":{"line":152,"column":6},"end":{"line":152,"column":27}},{"start":{"line":152,"column":31},"end":{"line":152,"column":72}}],"line":152},"19":{"loc":{"start":{"line":156,"column":15},"end":{"line":156,"column":42}},"type":"binary-expr","locations":[{"start":{"line":156,"column":15},"end":{"line":156,"column":36}},{"start":{"line":156,"column":40},"end":{"line":156,"column":42}}],"line":156},"20":{"loc":{"start":{"line":159,"column":2},"end":{"line":161,"column":3}},"type":"if","locations":[{"start":{"line":159,"column":2},"end":{"line":161,"column":3}},{"start":{},"end":{}}],"line":159},"21":{"loc":{"start":{"line":159,"column":6},"end":{"line":159,"column":76}},"type":"binary-expr","locations":[{"start":{"line":159,"column":6},"end":{"line":159,"column":17}},{"start":{"line":159,"column":21},"end":{"line":159,"column":38}},{"start":{"line":159,"column":42},"end":{"line":159,"column":56}},{"start":{"line":159,"column":60},"end":{"line":159,"column":76}}],"line":159},"22":{"loc":{"start":{"line":162,"column":2},"end":{"line":164,"column":3}},"type":"if","locations":[{"start":{"line":162,"column":2},"end":{"line":164,"column":3}},{"start":{},"end":{}}],"line":162},"23":{"loc":{"start":{"line":165,"column":2},"end":{"line":167,"column":3}},"type":"if","locations":[{"start":{"line":165,"column":2},"end":{"line":167,"column":3}},{"start":{},"end":{}}],"line":165},"24":{"loc":{"start":{"line":177,"column":21},"end":{"line":177,"column":52}},"type":"binary-expr","locations":[{"start":{"line":177,"column":21},"end":{"line":177,"column":46}},{"start":{"line":177,"column":50},"end":{"line":177,"column":52}}],"line":177},"25":{"loc":{"start":{"line":181,"column":2},"end":{"line":184,"column":3}},"type":"if","locations":[{"start":{"line":181,"column":2},"end":{"line":184,"column":3}},{"start":{},"end":{}}],"line":181},"26":{"loc":{"start":{"line":189,"column":13},"end":{"line":189,"column":51}},"type":"binary-expr","locations":[{"start":{"line":189,"column":13},"end":{"line":189,"column":33}},{"start":{"line":189,"column":37},"end":{"line":189,"column":51}}],"line":189},"27":{"loc":{"start":{"line":202,"column":4},"end":{"line":202,"column":63}},"type":"if","locations":[{"start":{"line":202,"column":4},"end":{"line":202,"column":63}},{"start":{},"end":{}}],"line":202},"28":{"loc":{"start":{"line":208,"column":23},"end":{"line":208,"column":54}},"type":"binary-expr","locations":[{"start":{"line":208,"column":23},"end":{"line":208,"column":48}},{"start":{"line":208,"column":52},"end":{"line":208,"column":54}}],"line":208},"29":{"loc":{"start":{"line":211,"column":22},"end":{"line":211,"column":39}},"type":"binary-expr","locations":[{"start":{"line":211,"column":22},"end":{"line":211,"column":33}},{"start":{"line":211,"column":37},"end":{"line":211,"column":39}}],"line":211},"30":{"loc":{"start":{"line":212,"column":14},"end":{"line":212,"column":29}},"type":"binary-expr","locations":[{"start":{"line":212,"column":14},"end":{"line":212,"column":24}},{"start":{"line":212,"column":28},"end":{"line":212,"column":29}}],"line":212},"31":{"loc":{"start":{"line":218,"column":4},"end":{"line":218,"column":56}},"type":"if","locations":[{"start":{"line":218,"column":4},"end":{"line":218,"column":56}},{"start":{},"end":{}}],"line":218},"32":{"loc":{"start":{"line":222,"column":14},"end":{"line":222,"column":32}},"type":"binary-expr","locations":[{"start":{"line":222,"column":14},"end":{"line":222,"column":26}},{"start":{"line":222,"column":30},"end":{"line":222,"column":32}}],"line":222},"33":{"loc":{"start":{"line":224,"column":16},"end":{"line":224,"column":70}},"type":"binary-expr","locations":[{"start":{"line":224,"column":16},"end":{"line":224,"column":32}},{"start":{"line":224,"column":36},"end":{"line":224,"column":57}},{"start":{"line":224,"column":61},"end":{"line":224,"column":70}}],"line":224},"34":{"loc":{"start":{"line":244,"column":4},"end":{"line":244,"column":63}},"type":"if","locations":[{"start":{"line":244,"column":4},"end":{"line":244,"column":63}},{"start":{},"end":{}}],"line":244},"35":{"loc":{"start":{"line":250,"column":23},"end":{"line":250,"column":54}},"type":"binary-expr","locations":[{"start":{"line":250,"column":23},"end":{"line":250,"column":48}},{"start":{"line":250,"column":52},"end":{"line":250,"column":54}}],"line":250},"36":{"loc":{"start":{"line":253,"column":17},"end":{"line":253,"column":43}},"type":"binary-expr","locations":[{"start":{"line":253,"column":17},"end":{"line":253,"column":30}},{"start":{"line":253,"column":34},"end":{"line":253,"column":43}}],"line":253},"37":{"loc":{"start":{"line":254,"column":14},"end":{"line":254,"column":31}},"type":"binary-expr","locations":[{"start":{"line":254,"column":14},"end":{"line":254,"column":24}},{"start":{"line":254,"column":28},"end":{"line":254,"column":31}}],"line":254},"38":{"loc":{"start":{"line":255,"column":17},"end":{"line":255,"column":37}},"type":"binary-expr","locations":[{"start":{"line":255,"column":17},"end":{"line":255,"column":30}},{"start":{"line":255,"column":34},"end":{"line":255,"column":37}}],"line":255},"39":{"loc":{"start":{"line":256,"column":17},"end":{"line":256,"column":39}},"type":"binary-expr","locations":[{"start":{"line":256,"column":17},"end":{"line":256,"column":30}},{"start":{"line":256,"column":34},"end":{"line":256,"column":39}}],"line":256},"40":{"loc":{"start":{"line":262,"column":4},"end":{"line":262,"column":56}},"type":"if","locations":[{"start":{"line":262,"column":4},"end":{"line":262,"column":56}},{"start":{},"end":{}}],"line":262},"41":{"loc":{"start":{"line":281,"column":4},"end":{"line":281,"column":57}},"type":"if","locations":[{"start":{"line":281,"column":4},"end":{"line":281,"column":57}},{"start":{},"end":{}}],"line":281},"42":{"loc":{"start":{"line":286,"column":23},"end":{"line":286,"column":54}},"type":"binary-expr","locations":[{"start":{"line":286,"column":23},"end":{"line":286,"column":48}},{"start":{"line":286,"column":52},"end":{"line":286,"column":54}}],"line":286},"43":{"loc":{"start":{"line":290,"column":4},"end":{"line":290,"column":37}},"type":"if","locations":[{"start":{"line":290,"column":4},"end":{"line":290,"column":37}},{"start":{},"end":{}}],"line":290},"44":{"loc":{"start":{"line":306,"column":4},"end":{"line":306,"column":57}},"type":"if","locations":[{"start":{"line":306,"column":4},"end":{"line":306,"column":57}},{"start":{},"end":{}}],"line":306},"45":{"loc":{"start":{"line":312,"column":24},"end":{"line":312,"column":41}},"type":"binary-expr","locations":[{"start":{"line":312,"column":24},"end":{"line":312,"column":36}},{"start":{"line":312,"column":40},"end":{"line":312,"column":41}}],"line":312},"46":{"loc":{"start":{"line":313,"column":20},"end":{"line":313,"column":42}},"type":"binary-expr","locations":[{"start":{"line":313,"column":20},"end":{"line":313,"column":37}},{"start":{"line":313,"column":41},"end":{"line":313,"column":42}}],"line":313},"47":{"loc":{"start":{"line":314,"column":20},"end":{"line":314,"column":46}},"type":"binary-expr","locations":[{"start":{"line":314,"column":20},"end":{"line":314,"column":37}},{"start":{"line":314,"column":41},"end":{"line":314,"column":46}}],"line":314},"48":{"loc":{"start":{"line":315,"column":24},"end":{"line":315,"column":54}},"type":"binary-expr","locations":[{"start":{"line":315,"column":24},"end":{"line":315,"column":45}},{"start":{"line":315,"column":49},"end":{"line":315,"column":54}}],"line":315},"49":{"loc":{"start":{"line":322,"column":25},"end":{"line":322,"column":56}},"type":"binary-expr","locations":[{"start":{"line":322,"column":25},"end":{"line":322,"column":50}},{"start":{"line":322,"column":54},"end":{"line":322,"column":56}}],"line":322},"50":{"loc":{"start":{"line":327,"column":6},"end":{"line":330,"column":7}},"type":"if","locations":[{"start":{"line":327,"column":6},"end":{"line":330,"column":7}},{"start":{},"end":{}}],"line":327},"51":{"loc":{"start":{"line":333,"column":25},"end":{"line":333,"column":46}},"type":"binary-expr","locations":[{"start":{"line":333,"column":25},"end":{"line":333,"column":40}},{"start":{"line":333,"column":44},"end":{"line":333,"column":46}}],"line":333},"52":{"loc":{"start":{"line":335,"column":6},"end":{"line":337,"column":7}},"type":"if","locations":[{"start":{"line":335,"column":6},"end":{"line":337,"column":7}},{"start":{},"end":{}}],"line":335},"53":{"loc":{"start":{"line":342,"column":8},"end":{"line":342,"column":57}},"type":"if","locations":[{"start":{"line":342,"column":8},"end":{"line":342,"column":57}},{"start":{},"end":{}}],"line":342},"54":{"loc":{"start":{"line":342,"column":12},"end":{"line":342,"column":42}},"type":"binary-expr","locations":[{"start":{"line":342,"column":12},"end":{"line":342,"column":24}},{"start":{"line":342,"column":28},"end":{"line":342,"column":42}}],"line":342},"55":{"loc":{"start":{"line":344,"column":25},"end":{"line":344,"column":59}},"type":"binary-expr","locations":[{"start":{"line":344,"column":25},"end":{"line":344,"column":36}},{"start":{"line":344,"column":40},"end":{"line":344,"column":53}},{"start":{"line":344,"column":57},"end":{"line":344,"column":59}}],"line":344},"56":{"loc":{"start":{"line":345,"column":22},"end":{"line":345,"column":59}},"type":"binary-expr","locations":[{"start":{"line":345,"column":22},"end":{"line":345,"column":39}},{"start":{"line":345,"column":43},"end":{"line":345,"column":53}},{"start":{"line":345,"column":57},"end":{"line":345,"column":59}}],"line":345},"57":{"loc":{"start":{"line":349,"column":10},"end":{"line":350,"column":46}},"type":"binary-expr","locations":[{"start":{"line":349,"column":10},"end":{"line":349,"column":49}},{"start":{"line":350,"column":10},"end":{"line":350,"column":46}}],"line":349},"58":{"loc":{"start":{"line":356,"column":8},"end":{"line":356,"column":43}},"type":"if","locations":[{"start":{"line":356,"column":8},"end":{"line":356,"column":43}},{"start":{},"end":{}}],"line":356},"59":{"loc":{"start":{"line":359,"column":25},"end":{"line":359,"column":71}},"type":"binary-expr","locations":[{"start":{"line":359,"column":25},"end":{"line":359,"column":37}},{"start":{"line":359,"column":41},"end":{"line":359,"column":51}},{"start":{"line":359,"column":55},"end":{"line":359,"column":71}}],"line":359},"60":{"loc":{"start":{"line":360,"column":26},"end":{"line":360,"column":70}},"type":"binary-expr","locations":[{"start":{"line":360,"column":26},"end":{"line":360,"column":37}},{"start":{"line":360,"column":41},"end":{"line":360,"column":54}},{"start":{"line":360,"column":58},"end":{"line":360,"column":70}}],"line":360},"61":{"loc":{"start":{"line":361,"column":23},"end":{"line":361,"column":89}},"type":"cond-expr","locations":[{"start":{"line":361,"column":36},"end":{"line":361,"column":77}},{"start":{"line":361,"column":80},"end":{"line":361,"column":89}}],"line":361},"62":{"loc":{"start":{"line":362,"column":27},"end":{"line":362,"column":64}},"type":"binary-expr","locations":[{"start":{"line":362,"column":27},"end":{"line":362,"column":44}},{"start":{"line":362,"column":48},"end":{"line":362,"column":58}},{"start":{"line":362,"column":62},"end":{"line":362,"column":64}}],"line":362},"63":{"loc":{"start":{"line":368,"column":13},"end":{"line":368,"column":30}},"type":"binary-expr","locations":[{"start":{"line":368,"column":13},"end":{"line":368,"column":21}},{"start":{"line":368,"column":25},"end":{"line":368,"column":30}}],"line":368},"64":{"loc":{"start":{"line":376,"column":6},"end":{"line":389,"column":7}},"type":"if","locations":[{"start":{"line":376,"column":6},"end":{"line":389,"column":7}},{"start":{"line":381,"column":13},"end":{"line":389,"column":7}}],"line":376},"65":{"loc":{"start":{"line":378,"column":8},"end":{"line":380,"column":9}},"type":"if","locations":[{"start":{"line":378,"column":8},"end":{"line":380,"column":9}},{"start":{},"end":{}}],"line":378},"66":{"loc":{"start":{"line":385,"column":8},"end":{"line":388,"column":9}},"type":"if","locations":[{"start":{"line":385,"column":8},"end":{"line":388,"column":9}},{"start":{},"end":{}}],"line":385},"67":{"loc":{"start":{"line":414,"column":18},"end":{"line":414,"column":52}},"type":"binary-expr","locations":[{"start":{"line":414,"column":18},"end":{"line":414,"column":29}},{"start":{"line":414,"column":33},"end":{"line":414,"column":46}},{"start":{"line":414,"column":50},"end":{"line":414,"column":52}}],"line":414},"68":{"loc":{"start":{"line":415,"column":15},"end":{"line":415,"column":52}},"type":"binary-expr","locations":[{"start":{"line":415,"column":15},"end":{"line":415,"column":32}},{"start":{"line":415,"column":36},"end":{"line":415,"column":46}},{"start":{"line":415,"column":50},"end":{"line":415,"column":52}}],"line":415},"69":{"loc":{"start":{"line":416,"column":17},"end":{"line":416,"column":49}},"type":"binary-expr","locations":[{"start":{"line":416,"column":17},"end":{"line":416,"column":29}},{"start":{"line":416,"column":33},"end":{"line":416,"column":43}},{"start":{"line":416,"column":47},"end":{"line":416,"column":49}}],"line":416},"70":{"loc":{"start":{"line":420,"column":2},"end":{"line":422,"column":3}},"type":"if","locations":[{"start":{"line":420,"column":2},"end":{"line":422,"column":3}},{"start":{},"end":{}}],"line":420},"71":{"loc":{"start":{"line":425,"column":2},"end":{"line":427,"column":3}},"type":"if","locations":[{"start":{"line":425,"column":2},"end":{"line":427,"column":3}},{"start":{},"end":{}}],"line":425},"72":{"loc":{"start":{"line":432,"column":2},"end":{"line":434,"column":3}},"type":"if","locations":[{"start":{"line":432,"column":2},"end":{"line":434,"column":3}},{"start":{},"end":{}}],"line":432},"73":{"loc":{"start":{"line":436,"column":2},"end":{"line":438,"column":3}},"type":"if","locations":[{"start":{"line":436,"column":2},"end":{"line":438,"column":3}},{"start":{},"end":{}}],"line":436},"74":{"loc":{"start":{"line":436,"column":6},"end":{"line":436,"column":34}},"type":"binary-expr","locations":[{"start":{"line":436,"column":6},"end":{"line":436,"column":13}},{"start":{"line":436,"column":17},"end":{"line":436,"column":34}}],"line":436},"75":{"loc":{"start":{"line":440,"column":2},"end":{"line":442,"column":3}},"type":"if","locations":[{"start":{"line":440,"column":2},"end":{"line":442,"column":3}},{"start":{},"end":{}}],"line":440},"76":{"loc":{"start":{"line":446,"column":2},"end":{"line":465,"column":3}},"type":"if","locations":[{"start":{"line":446,"column":2},"end":{"line":465,"column":3}},{"start":{"line":463,"column":9},"end":{"line":465,"column":3}}],"line":446},"77":{"loc":{"start":{"line":458,"column":4},"end":{"line":460,"column":5}},"type":"if","locations":[{"start":{"line":458,"column":4},"end":{"line":460,"column":5}},{"start":{},"end":{}}],"line":458},"78":{"loc":{"start":{"line":474,"column":2},"end":{"line":478,"column":3}},"type":"if","locations":[{"start":{"line":474,"column":2},"end":{"line":478,"column":3}},{"start":{"line":476,"column":9},"end":{"line":478,"column":3}}],"line":474},"79":{"loc":{"start":{"line":476,"column":9},"end":{"line":478,"column":3}},"type":"if","locations":[{"start":{"line":476,"column":9},"end":{"line":478,"column":3}},{"start":{},"end":{}}],"line":476},"80":{"loc":{"start":{"line":493,"column":4},"end":{"line":496,"column":5}},"type":"if","locations":[{"start":{"line":493,"column":4},"end":{"line":496,"column":5}},{"start":{},"end":{}}],"line":493},"81":{"loc":{"start":{"line":518,"column":4},"end":{"line":518,"column":57}},"type":"if","locations":[{"start":{"line":518,"column":4},"end":{"line":518,"column":57}},{"start":{},"end":{}}],"line":518},"82":{"loc":{"start":{"line":525,"column":24},"end":{"line":525,"column":42}},"type":"binary-expr","locations":[{"start":{"line":525,"column":24},"end":{"line":525,"column":36}},{"start":{"line":525,"column":40},"end":{"line":525,"column":42}}],"line":525},"83":{"loc":{"start":{"line":526,"column":20},"end":{"line":526,"column":42}},"type":"binary-expr","locations":[{"start":{"line":526,"column":20},"end":{"line":526,"column":37}},{"start":{"line":526,"column":41},"end":{"line":526,"column":42}}],"line":526},"84":{"loc":{"start":{"line":527,"column":20},"end":{"line":527,"column":46}},"type":"binary-expr","locations":[{"start":{"line":527,"column":20},"end":{"line":527,"column":37}},{"start":{"line":527,"column":41},"end":{"line":527,"column":46}}],"line":527},"85":{"loc":{"start":{"line":528,"column":24},"end":{"line":528,"column":54}},"type":"binary-expr","locations":[{"start":{"line":528,"column":24},"end":{"line":528,"column":45}},{"start":{"line":528,"column":49},"end":{"line":528,"column":54}}],"line":528},"86":{"loc":{"start":{"line":535,"column":25},"end":{"line":535,"column":56}},"type":"binary-expr","locations":[{"start":{"line":535,"column":25},"end":{"line":535,"column":50}},{"start":{"line":535,"column":54},"end":{"line":535,"column":56}}],"line":535},"87":{"loc":{"start":{"line":540,"column":6},"end":{"line":543,"column":7}},"type":"if","locations":[{"start":{"line":540,"column":6},"end":{"line":543,"column":7}},{"start":{},"end":{}}],"line":540},"88":{"loc":{"start":{"line":546,"column":24},"end":{"line":546,"column":50}},"type":"binary-expr","locations":[{"start":{"line":546,"column":24},"end":{"line":546,"column":44}},{"start":{"line":546,"column":48},"end":{"line":546,"column":50}}],"line":546},"89":{"loc":{"start":{"line":548,"column":6},"end":{"line":550,"column":7}},"type":"if","locations":[{"start":{"line":548,"column":6},"end":{"line":550,"column":7}},{"start":{},"end":{}}],"line":548},"90":{"loc":{"start":{"line":559,"column":25},"end":{"line":559,"column":59}},"type":"binary-expr","locations":[{"start":{"line":559,"column":25},"end":{"line":559,"column":36}},{"start":{"line":559,"column":40},"end":{"line":559,"column":53}},{"start":{"line":559,"column":57},"end":{"line":559,"column":59}}],"line":559},"91":{"loc":{"start":{"line":560,"column":22},"end":{"line":560,"column":59}},"type":"binary-expr","locations":[{"start":{"line":560,"column":22},"end":{"line":560,"column":39}},{"start":{"line":560,"column":43},"end":{"line":560,"column":53}},{"start":{"line":560,"column":57},"end":{"line":560,"column":59}}],"line":560},"92":{"loc":{"start":{"line":569,"column":31},"end":{"line":571,"column":60}},"type":"binary-expr","locations":[{"start":{"line":569,"column":31},"end":{"line":569,"column":62}},{"start":{"line":570,"column":31},"end":{"line":570,"column":65}},{"start":{"line":571,"column":31},"end":{"line":571,"column":60}}],"line":569},"93":{"loc":{"start":{"line":575,"column":15},"end":{"line":575,"column":70}},"type":"binary-expr","locations":[{"start":{"line":575,"column":15},"end":{"line":575,"column":31}},{"start":{"line":575,"column":35},"end":{"line":575,"column":49}},{"start":{"line":575,"column":53},"end":{"line":575,"column":70}}],"line":575},"94":{"loc":{"start":{"line":580,"column":6},"end":{"line":584,"column":7}},"type":"if","locations":[{"start":{"line":580,"column":6},"end":{"line":584,"column":7}},{"start":{},"end":{}}],"line":580},"95":{"loc":{"start":{"line":599,"column":10},"end":{"line":601,"column":11}},"type":"if","locations":[{"start":{"line":599,"column":10},"end":{"line":601,"column":11}},{"start":{},"end":{}}],"line":599},"96":{"loc":{"start":{"line":599,"column":14},"end":{"line":599,"column":93}},"type":"binary-expr","locations":[{"start":{"line":599,"column":14},"end":{"line":599,"column":29}},{"start":{"line":599,"column":33},"end":{"line":599,"column":93}}],"line":599},"97":{"loc":{"start":{"line":602,"column":10},"end":{"line":604,"column":11}},"type":"if","locations":[{"start":{"line":602,"column":10},"end":{"line":604,"column":11}},{"start":{},"end":{}}],"line":602},"98":{"loc":{"start":{"line":605,"column":10},"end":{"line":607,"column":11}},"type":"if","locations":[{"start":{"line":605,"column":10},"end":{"line":607,"column":11}},{"start":{},"end":{}}],"line":605},"99":{"loc":{"start":{"line":615,"column":29},"end":{"line":615,"column":60}},"type":"binary-expr","locations":[{"start":{"line":615,"column":29},"end":{"line":615,"column":54}},{"start":{"line":615,"column":58},"end":{"line":615,"column":60}}],"line":615},"100":{"loc":{"start":{"line":622,"column":10},"end":{"line":632,"column":11}},"type":"if","locations":[{"start":{"line":622,"column":10},"end":{"line":632,"column":11}},{"start":{"line":630,"column":17},"end":{"line":632,"column":11}}],"line":622},"101":{"loc":{"start":{"line":624,"column":24},"end":{"line":624,"column":62}},"type":"binary-expr","locations":[{"start":{"line":624,"column":24},"end":{"line":624,"column":44}},{"start":{"line":624,"column":48},"end":{"line":624,"column":62}}],"line":624},"102":{"loc":{"start":{"line":631,"column":28},"end":{"line":631,"column":101}},"type":"binary-expr","locations":[{"start":{"line":631,"column":28},"end":{"line":631,"column":46}},{"start":{"line":631,"column":50},"end":{"line":631,"column":66}},{"start":{"line":631,"column":70},"end":{"line":631,"column":101}}],"line":631},"103":{"loc":{"start":{"line":638,"column":20},"end":{"line":638,"column":46}},"type":"binary-expr","locations":[{"start":{"line":638,"column":20},"end":{"line":638,"column":32}},{"start":{"line":638,"column":36},"end":{"line":638,"column":46}}],"line":638},"104":{"loc":{"start":{"line":639,"column":21},"end":{"line":639,"column":49}},"type":"binary-expr","locations":[{"start":{"line":639,"column":21},"end":{"line":639,"column":32}},{"start":{"line":639,"column":36},"end":{"line":639,"column":49}}],"line":639},"105":{"loc":{"start":{"line":651,"column":6},"end":{"line":659,"column":7}},"type":"if","locations":[{"start":{"line":651,"column":6},"end":{"line":659,"column":7}},{"start":{},"end":{}}],"line":651},"106":{"loc":{"start":{"line":661,"column":6},"end":{"line":668,"column":7}},"type":"if","locations":[{"start":{"line":661,"column":6},"end":{"line":668,"column":7}},{"start":{},"end":{}}],"line":661},"107":{"loc":{"start":{"line":670,"column":6},"end":{"line":675,"column":7}},"type":"if","locations":[{"start":{"line":670,"column":6},"end":{"line":675,"column":7}},{"start":{},"end":{}}],"line":670},"108":{"loc":{"start":{"line":670,"column":10},"end":{"line":670,"column":70}},"type":"binary-expr","locations":[{"start":{"line":670,"column":10},"end":{"line":670,"column":41}},{"start":{"line":670,"column":45},"end":{"line":670,"column":70}}],"line":670},"109":{"loc":{"start":{"line":703,"column":4},"end":{"line":703,"column":57}},"type":"if","locations":[{"start":{"line":703,"column":4},"end":{"line":703,"column":57}},{"start":{},"end":{}}],"line":703},"110":{"loc":{"start":{"line":704,"column":27},"end":{"line":704,"column":38}},"type":"binary-expr","locations":[{"start":{"line":704,"column":27},"end":{"line":704,"column":32}},{"start":{"line":704,"column":36},"end":{"line":704,"column":38}}],"line":704},"111":{"loc":{"start":{"line":705,"column":4},"end":{"line":705,"column":63}},"type":"if","locations":[{"start":{"line":705,"column":4},"end":{"line":705,"column":63}},{"start":{},"end":{}}],"line":705},"112":{"loc":{"start":{"line":710,"column":32},"end":{"line":710,"column":63}},"type":"binary-expr","locations":[{"start":{"line":710,"column":32},"end":{"line":710,"column":57}},{"start":{"line":710,"column":61},"end":{"line":710,"column":63}}],"line":710},"113":{"loc":{"start":{"line":713,"column":4},"end":{"line":713,"column":53}},"type":"if","locations":[{"start":{"line":713,"column":4},"end":{"line":713,"column":53}},{"start":{},"end":{}}],"line":713},"114":{"loc":{"start":{"line":715,"column":21},"end":{"line":715,"column":47}},"type":"binary-expr","locations":[{"start":{"line":715,"column":21},"end":{"line":715,"column":41}},{"start":{"line":715,"column":45},"end":{"line":715,"column":47}}],"line":715},"115":{"loc":{"start":{"line":726,"column":15},"end":{"line":728,"column":59}},"type":"cond-expr","locations":[{"start":{"line":727,"column":10},"end":{"line":727,"column":203}},{"start":{"line":728,"column":10},"end":{"line":728,"column":59}}],"line":726},"116":{"loc":{"start":{"line":741,"column":4},"end":{"line":741,"column":63}},"type":"if","locations":[{"start":{"line":741,"column":4},"end":{"line":741,"column":63}},{"start":{},"end":{}}],"line":741},"117":{"loc":{"start":{"line":748,"column":6},"end":{"line":748,"column":61}},"type":"if","locations":[{"start":{"line":748,"column":6},"end":{"line":748,"column":61}},{"start":{},"end":{}}],"line":748},"118":{"loc":{"start":{"line":749,"column":6},"end":{"line":749,"column":67}},"type":"if","locations":[{"start":{"line":749,"column":6},"end":{"line":749,"column":67}},{"start":{},"end":{}}],"line":749},"119":{"loc":{"start":{"line":750,"column":6},"end":{"line":750,"column":89}},"type":"if","locations":[{"start":{"line":750,"column":6},"end":{"line":750,"column":89}},{"start":{},"end":{}}],"line":750},"120":{"loc":{"start":{"line":757,"column":6},"end":{"line":759,"column":7}},"type":"if","locations":[{"start":{"line":757,"column":6},"end":{"line":759,"column":7}},{"start":{},"end":{}}],"line":757},"121":{"loc":{"start":{"line":762,"column":22},"end":{"line":762,"column":40}},"type":"binary-expr","locations":[{"start":{"line":762,"column":22},"end":{"line":762,"column":34}},{"start":{"line":762,"column":38},"end":{"line":762,"column":40}}],"line":762},"122":{"loc":{"start":{"line":764,"column":6},"end":{"line":766,"column":7}},"type":"if","locations":[{"start":{"line":764,"column":6},"end":{"line":766,"column":7}},{"start":{},"end":{}}],"line":764},"123":{"loc":{"start":{"line":770,"column":31},"end":{"line":770,"column":63}},"type":"binary-expr","locations":[{"start":{"line":770,"column":31},"end":{"line":770,"column":42}},{"start":{"line":770,"column":46},"end":{"line":770,"column":58}},{"start":{"line":770,"column":62},"end":{"line":770,"column":63}}],"line":770},"124":{"loc":{"start":{"line":771,"column":31},"end":{"line":771,"column":63}},"type":"binary-expr","locations":[{"start":{"line":771,"column":31},"end":{"line":771,"column":42}},{"start":{"line":771,"column":46},"end":{"line":771,"column":58}},{"start":{"line":771,"column":62},"end":{"line":771,"column":63}}],"line":771},"125":{"loc":{"start":{"line":778,"column":28},"end":{"line":778,"column":57}},"type":"binary-expr","locations":[{"start":{"line":778,"column":28},"end":{"line":778,"column":39}},{"start":{"line":778,"column":43},"end":{"line":778,"column":48}},{"start":{"line":778,"column":52},"end":{"line":778,"column":57}}],"line":778},"126":{"loc":{"start":{"line":804,"column":4},"end":{"line":804,"column":63}},"type":"if","locations":[{"start":{"line":804,"column":4},"end":{"line":804,"column":63}},{"start":{},"end":{}}],"line":804},"127":{"loc":{"start":{"line":808,"column":6},"end":{"line":810,"column":7}},"type":"if","locations":[{"start":{"line":808,"column":6},"end":{"line":810,"column":7}},{"start":{},"end":{}}],"line":808},"128":{"loc":{"start":{"line":808,"column":10},"end":{"line":808,"column":66}},"type":"binary-expr","locations":[{"start":{"line":808,"column":10},"end":{"line":808,"column":37}},{"start":{"line":808,"column":41},"end":{"line":808,"column":66}}],"line":808},"129":{"loc":{"start":{"line":816,"column":6},"end":{"line":816,"column":61}},"type":"if","locations":[{"start":{"line":816,"column":6},"end":{"line":816,"column":61}},{"start":{},"end":{}}],"line":816},"130":{"loc":{"start":{"line":817,"column":6},"end":{"line":817,"column":67}},"type":"if","locations":[{"start":{"line":817,"column":6},"end":{"line":817,"column":67}},{"start":{},"end":{}}],"line":817},"131":{"loc":{"start":{"line":818,"column":6},"end":{"line":818,"column":89}},"type":"if","locations":[{"start":{"line":818,"column":6},"end":{"line":818,"column":89}},{"start":{},"end":{}}],"line":818},"132":{"loc":{"start":{"line":825,"column":6},"end":{"line":827,"column":7}},"type":"if","locations":[{"start":{"line":825,"column":6},"end":{"line":827,"column":7}},{"start":{},"end":{}}],"line":825},"133":{"loc":{"start":{"line":830,"column":22},"end":{"line":830,"column":40}},"type":"binary-expr","locations":[{"start":{"line":830,"column":22},"end":{"line":830,"column":34}},{"start":{"line":830,"column":38},"end":{"line":830,"column":40}}],"line":830},"134":{"loc":{"start":{"line":832,"column":6},"end":{"line":834,"column":7}},"type":"if","locations":[{"start":{"line":832,"column":6},"end":{"line":834,"column":7}},{"start":{},"end":{}}],"line":832},"135":{"loc":{"start":{"line":838,"column":31},"end":{"line":838,"column":63}},"type":"binary-expr","locations":[{"start":{"line":838,"column":31},"end":{"line":838,"column":42}},{"start":{"line":838,"column":46},"end":{"line":838,"column":58}},{"start":{"line":838,"column":62},"end":{"line":838,"column":63}}],"line":838},"136":{"loc":{"start":{"line":839,"column":31},"end":{"line":839,"column":63}},"type":"binary-expr","locations":[{"start":{"line":839,"column":31},"end":{"line":839,"column":42}},{"start":{"line":839,"column":46},"end":{"line":839,"column":58}},{"start":{"line":839,"column":62},"end":{"line":839,"column":63}}],"line":839},"137":{"loc":{"start":{"line":873,"column":27},"end":{"line":873,"column":69}},"type":"binary-expr","locations":[{"start":{"line":873,"column":27},"end":{"line":873,"column":63}},{"start":{"line":873,"column":67},"end":{"line":873,"column":69}}],"line":873},"138":{"loc":{"start":{"line":874,"column":4},"end":{"line":874,"column":63}},"type":"if","locations":[{"start":{"line":874,"column":4},"end":{"line":874,"column":63}},{"start":{},"end":{}}],"line":874},"139":{"loc":{"start":{"line":879,"column":6},"end":{"line":879,"column":76}},"type":"binary-expr","locations":[{"start":{"line":879,"column":6},"end":{"line":879,"column":17}},{"start":{"line":879,"column":21},"end":{"line":879,"column":38}},{"start":{"line":879,"column":42},"end":{"line":879,"column":56}},{"start":{"line":879,"column":60},"end":{"line":879,"column":76}}],"line":879},"140":{"loc":{"start":{"line":881,"column":4},"end":{"line":884,"column":5}},"type":"if","locations":[{"start":{"line":881,"column":4},"end":{"line":884,"column":5}},{"start":{},"end":{}}],"line":881},"141":{"loc":{"start":{"line":882,"column":6},"end":{"line":882,"column":79}},"type":"if","locations":[{"start":{"line":882,"column":6},"end":{"line":882,"column":79}},{"start":{},"end":{}}],"line":882},"142":{"loc":{"start":{"line":887,"column":4},"end":{"line":889,"column":5}},"type":"if","locations":[{"start":{"line":887,"column":4},"end":{"line":889,"column":5}},{"start":{},"end":{}}],"line":887},"143":{"loc":{"start":{"line":887,"column":8},"end":{"line":887,"column":86}},"type":"binary-expr","locations":[{"start":{"line":887,"column":9},"end":{"line":887,"column":36}},{"start":{"line":887,"column":40},"end":{"line":887,"column":65}},{"start":{"line":887,"column":70},"end":{"line":887,"column":86}}],"line":887},"144":{"loc":{"start":{"line":939,"column":9},"end":{"line":939,"column":55}},"type":"binary-expr","locations":[{"start":{"line":939,"column":9},"end":{"line":939,"column":33}},{"start":{"line":939,"column":37},"end":{"line":939,"column":55}}],"line":939},"145":{"loc":{"start":{"line":960,"column":24},"end":{"line":960,"column":38}},"type":"binary-expr","locations":[{"start":{"line":960,"column":24},"end":{"line":960,"column":32}},{"start":{"line":960,"column":36},"end":{"line":960,"column":38}}],"line":960},"146":{"loc":{"start":{"line":961,"column":4},"end":{"line":963,"column":5}},"type":"if","locations":[{"start":{"line":961,"column":4},"end":{"line":963,"column":5}},{"start":{},"end":{}}],"line":961},"147":{"loc":{"start":{"line":961,"column":8},"end":{"line":961,"column":66}},"type":"binary-expr","locations":[{"start":{"line":961,"column":8},"end":{"line":961,"column":16}},{"start":{"line":961,"column":20},"end":{"line":961,"column":47}},{"start":{"line":961,"column":51},"end":{"line":961,"column":66}}],"line":961},"148":{"loc":{"start":{"line":966,"column":4},"end":{"line":966,"column":72}},"type":"if","locations":[{"start":{"line":966,"column":4},"end":{"line":966,"column":72}},{"start":{},"end":{}}],"line":966},"149":{"loc":{"start":{"line":974,"column":41},"end":{"line":974,"column":100}},"type":"cond-expr","locations":[{"start":{"line":974,"column":76},"end":{"line":974,"column":88}},{"start":{"line":974,"column":91},"end":{"line":974,"column":100}}],"line":974},"150":{"loc":{"start":{"line":976,"column":6},"end":{"line":983,"column":7}},"type":"if","locations":[{"start":{"line":976,"column":6},"end":{"line":983,"column":7}},{"start":{},"end":{}}],"line":976},"151":{"loc":{"start":{"line":976,"column":10},"end":{"line":976,"column":68}},"type":"binary-expr","locations":[{"start":{"line":976,"column":10},"end":{"line":976,"column":31}},{"start":{"line":976,"column":35},"end":{"line":976,"column":68}}],"line":976},"152":{"loc":{"start":{"line":986,"column":24},"end":{"line":986,"column":49}},"type":"binary-expr","locations":[{"start":{"line":986,"column":24},"end":{"line":986,"column":43}},{"start":{"line":986,"column":47},"end":{"line":986,"column":49}}],"line":986},"153":{"loc":{"start":{"line":987,"column":6},"end":{"line":1010,"column":7}},"type":"if","locations":[{"start":{"line":987,"column":6},"end":{"line":1010,"column":7}},{"start":{},"end":{}}],"line":987},"154":{"loc":{"start":{"line":990,"column":25},"end":{"line":990,"column":44}},"type":"binary-expr","locations":[{"start":{"line":990,"column":25},"end":{"line":990,"column":38}},{"start":{"line":990,"column":42},"end":{"line":990,"column":44}}],"line":990},"155":{"loc":{"start":{"line":992,"column":8},"end":{"line":1009,"column":9}},"type":"if","locations":[{"start":{"line":992,"column":8},"end":{"line":1009,"column":9}},{"start":{},"end":{}}],"line":992},"156":{"loc":{"start":{"line":998,"column":26},"end":{"line":1000,"column":67}},"type":"cond-expr","locations":[{"start":{"line":999,"column":16},"end":{"line":999,"column":26}},{"start":{"line":1000,"column":17},"end":{"line":1000,"column":66}}],"line":998},"157":{"loc":{"start":{"line":1000,"column":17},"end":{"line":1000,"column":66}},"type":"binary-expr","locations":[{"start":{"line":1000,"column":17},"end":{"line":1000,"column":36}},{"start":{"line":1000,"column":40},"end":{"line":1000,"column":66}}],"line":1000},"158":{"loc":{"start":{"line":1011,"column":20},"end":{"line":1015,"column":49}},"type":"cond-expr","locations":[{"start":{"line":1012,"column":10},"end":{"line":1012,"column":26}},{"start":{"line":1013,"column":10},"end":{"line":1015,"column":49}}],"line":1011},"159":{"loc":{"start":{"line":1013,"column":10},"end":{"line":1015,"column":49}},"type":"cond-expr","locations":[{"start":{"line":1014,"column":13},"end":{"line":1014,"column":79}},{"start":{"line":1015,"column":12},"end":{"line":1015,"column":49}}],"line":1013},"160":{"loc":{"start":{"line":1014,"column":13},"end":{"line":1014,"column":79}},"type":"binary-expr","locations":[{"start":{"line":1014,"column":13},"end":{"line":1014,"column":38}},{"start":{"line":1014,"column":42},"end":{"line":1014,"column":79}}],"line":1014}},"s":{"0":1,"1":1,"2":1,"3":1,"4":1,"5":1,"6":1,"7":1,"8":0,"9":1,"10":0,"11":0,"12":0,"13":0,"14":0,"15":0,"16":0,"17":0,"18":0,"19":0,"20":0,"21":0,"22":0,"23":0,"24":0,"25":0,"26":0,"27":0,"28":0,"29":0,"30":0,"31":0,"32":0,"33":1,"34":1,"35":1,"36":1,"37":0,"38":0,"39":0,"40":0,"41":1,"42":1,"43":1,"44":0,"45":0,"46":0,"47":0,"48":0,"49":0,"50":0,"51":0,"52":0,"53":0,"54":0,"55":0,"56":0,"57":0,"58":0,"59":0,"60":0,"61":0,"62":0,"63":0,"64":0,"65":0,"66":0,"67":0,"68":1,"69":0,"70":0,"71":0,"72":0,"73":0,"74":0,"75":0,"76":0,"77":0,"78":0,"79":1,"80":0,"81":0,"82":0,"83":0,"84":0,"85":0,"86":0,"87":0,"88":0,"89":1,"90":0,"91":0,"92":0,"93":0,"94":0,"95":0,"96":0,"97":0,"98":0,"99":1,"100":0,"101":0,"102":0,"103":0,"104":0,"105":0,"106":0,"107":0,"108":0,"109":0,"110":0,"111":0,"112":0,"113":0,"114":0,"115":0,"116":0,"117":0,"118":0,"119":0,"120":0,"121":0,"122":0,"123":0,"124":0,"125":0,"126":0,"127":0,"128":0,"129":0,"130":0,"131":0,"132":0,"133":0,"134":0,"135":0,"136":0,"137":0,"138":0,"139":0,"140":0,"141":0,"142":0,"143":0,"144":0,"145":0,"146":0,"147":0,"148":0,"149":0,"150":0,"151":0,"152":0,"153":0,"154":0,"155":0,"156":0,"157":0,"158":0,"159":0,"160":0,"161":0,"162":0,"163":0,"164":0,"165":0,"166":0,"167":0,"168":0,"169":0,"170":0,"171":0,"172":0,"173":0,"174":0,"175":0,"176":0,"177":0,"178":0,"179":0,"180":0,"181":0,"182":0,"183":0,"184":0,"185":1,"186":0,"187":0,"188":0,"189":0,"190":0,"191":0,"192":0,"193":0,"194":0,"195":0,"196":0,"197":0,"198":0,"199":0,"200":0,"201":0,"202":0,"203":0,"204":0,"205":0,"206":0,"207":0,"208":0,"209":0,"210":0,"211":0,"212":0,"213":0,"214":0,"215":0,"216":0,"217":0,"218":0,"219":0,"220":0,"221":0,"222":0,"223":0,"224":0,"225":0,"226":0,"227":0,"228":0,"229":0,"230":0,"231":0,"232":0,"233":0,"234":0,"235":0,"236":0,"237":0,"238":0,"239":0,"240":0,"241":0,"242":0,"243":0,"244":0,"245":0,"246":0,"247":0,"248":0,"249":0,"250":0,"251":0,"252":0,"253":0,"254":0,"255":0,"256":1,"257":0,"258":0,"259":0,"260":0,"261":0,"262":0,"263":0,"264":0,"265":0,"266":0,"267":0,"268":0,"269":0,"270":0,"271":0,"272":1,"273":0,"274":0,"275":0,"276":0,"277":0,"278":0,"279":0,"280":0,"281":0,"282":0,"283":0,"284":0,"285":0,"286":0,"287":0,"288":0,"289":0,"290":0,"291":0,"292":0,"293":0,"294":0,"295":0,"296":0,"297":0,"298":0,"299":0,"300":0,"301":0,"302":0,"303":0,"304":0,"305":1,"306":0,"307":0,"308":0,"309":0,"310":0,"311":0,"312":0,"313":0,"314":0,"315":0,"316":0,"317":0,"318":0,"319":0,"320":0,"321":0,"322":0,"323":0,"324":0,"325":0,"326":0,"327":0,"328":0,"329":0,"330":0,"331":0,"332":0,"333":0,"334":0,"335":0,"336":0,"337":0,"338":0,"339":0,"340":1,"341":0,"342":0,"343":0,"344":0,"345":0,"346":0,"347":0,"348":0,"349":0,"350":0,"351":0,"352":0,"353":0,"354":0,"355":0,"356":0,"357":0,"358":0,"359":0,"360":0,"361":0,"362":0,"363":0,"364":0,"365":0,"366":0,"367":0,"368":0,"369":0,"370":0,"371":0,"372":0,"373":0,"374":0,"375":0,"376":0,"377":0,"378":0,"379":0,"380":0,"381":0,"382":0,"383":0,"384":0,"385":0,"386":0,"387":0,"388":0,"389":0,"390":0,"391":0,"392":0,"393":0,"394":0,"395":0,"396":1},"f":{"0":0,"1":0,"2":0,"3":0,"4":0,"5":0,"6":0,"7":0,"8":0,"9":0,"10":0,"11":0,"12":0,"13":0,"14":0,"15":0,"16":0,"17":0,"18":0,"19":0,"20":0,"21":0,"22":0,"23":0,"24":0,"25":0,"26":0,"27":0,"28":0,"29":0,"30":0,"31":0,"32":0,"33":0,"34":0,"35":0,"36":0,"37":0,"38":0,"39":0,"40":0,"41":0,"42":0,"43":0},"b":{"0":[0,0],"1":[0,0],"2":[0,0],"3":[0,0],"4":[0,0],"5":[0,0,0],"6":[0,0],"7":[0,0],"8":[0,0],"9":[0,0],"10":[0,0],"11":[0,0],"12":[0,1],"13":[1,1],"14":[0,0],"15":[0,0],"16":[0,0],"17":[0,0],"18":[0,0],"19":[0,0],"20":[0,0],"21":[0,0,0,0],"22":[0,0],"23":[0,0],"24":[0,0],"25":[0,0],"26":[0,0],"27":[0,0],"28":[0,0],"29":[0,0],"30":[0,0],"31":[0,0],"32":[0,0],"33":[0,0,0],"34":[0,0],"35":[0,0],"36":[0,0],"37":[0,0],"38":[0,0],"39":[0,0],"40":[0,0],"41":[0,0],"42":[0,0],"43":[0,0],"44":[0,0],"45":[0,0],"46":[0,0],"47":[0,0],"48":[0,0],"49":[0,0],"50":[0,0],"51":[0,0],"52":[0,0],"53":[0,0],"54":[0,0],"55":[0,0,0],"56":[0,0,0],"57":[0,0],"58":[0,0],"59":[0,0,0],"60":[0,0,0],"61":[0,0],"62":[0,0,0],"63":[0,0],"64":[0,0],"65":[0,0],"66":[0,0],"67":[0,0,0],"68":[0,0,0],"69":[0,0,0],"70":[0,0],"71":[0,0],"72":[0,0],"73":[0,0],"74":[0,0],"75":[0,0],"76":[0,0],"77":[0,0],"78":
[...]
{"line":90,"column":60}},"type":"cond-expr","locations":[{"start":{"line":90,"column":40},"end":{"line":90,"column":54}},{"start":{"line":90,"column":57},"end":{"line":90,"column":60}}],"line":90},"15":{"loc":{"start":{"line":117,"column":33},"end":{"line":117,"column":87}},"type":"default-arg","locations":[{"start":{"line":117,"column":85},"end":{"line":117,"column":87}}],"line":117},"16":{"loc":{"start":{"line":117,"column":35},"end":{"line":117,"column":45}},"type":"default-arg","locations":[{"start":{"line":117,"column":42},"end":{"line":117,"column":45}}],"line":117},"17":{"loc":{"start":{"line":117,"column":47},"end":{"line":117,"column":60}},"type":"default-arg","locations":[{"start":{"line":117,"column":57},"end":{"line":117,"column":60}}],"line":117},"18":{"loc":{"start":{"line":117,"column":62},"end":{"line":117,"column":80}},"type":"default-arg","locations":[{"start":{"line":117,"column":77},"end":{"line":117,"column":80}}],"line":117},"19":{"loc":{"start":{"line":118,"column":20},"end":{"line":118,"column":58}},"type":"binary-expr","locations":[{"start":{"line":118,"column":20},"end":{"line":118,"column":48}},{"start":{"line":118,"column":52},"end":{"line":118,"column":58}}],"line":118},"20":{"loc":{"start":{"line":128,"column":4},"end":{"line":135,"column":5}},"type":"if","locations":[{"start":{"line":128,"column":4},"end":{"line":135,"column":5}},{"start":{},"end":{}}],"line":128},"21":{"loc":{"start":{"line":128,"column":8},"end":{"line":128,"column":80}},"type":"binary-expr","locations":[{"start":{"line":128,"column":8},"end":{"line":128,"column":41}},{"start":{"line":128,"column":45},"end":{"line":128,"column":80}}],"line":128},"22":{"loc":{"start":{"line":142,"column":2},"end":{"line":144,"column":3}},"type":"if","locations":[{"start":{"line":142,"column":2},"end":{"line":144,"column":3}},{"start":{},"end":{}}],"line":142},"23":{"loc":{"start":{"line":147,"column":2},"end":{"line":149,"column":3}},"type":"if","locations":[{"start":{"line":147,"column":2},"end":{"line":149,"column":3}},{"start":{},"end":{}}],"line":147},"24":{"loc":{"start":{"line":147,"column":6},"end":{"line":147,"column":55}},"type":"binary-expr","locations":[{"start":{"line":147,"column":6},"end":{"line":147,"column":25}},{"start":{"line":147,"column":29},"end":{"line":147,"column":55}}],"line":147},"25":{"loc":{"start":{"line":154,"column":31},"end":{"line":154,"column":65}},"type":"default-arg","locations":[{"start":{"line":154,"column":63},"end":{"line":154,"column":65}}],"line":154},"26":{"loc":{"start":{"line":154,"column":33},"end":{"line":154,"column":43}},"type":"default-arg","locations":[{"start":{"line":154,"column":40},"end":{"line":154,"column":43}}],"line":154},"27":{"loc":{"start":{"line":154,"column":45},"end":{"line":154,"column":58}},"type":"default-arg","locations":[{"start":{"line":154,"column":55},"end":{"line":154,"column":58}}],"line":154},"28":{"loc":{"start":{"line":166,"column":2},"end":{"line":171,"column":3}},"type":"if","locations":[{"start":{"line":166,"column":2},"end":{"line":171,"column":3}},{"start":{},"end":{}}],"line":166},"29":{"loc":{"start":{"line":176,"column":59},"end":{"line":176,"column":69}},"type":"default-arg","locations":[{"start":{"line":176,"column":66},"end":{"line":176,"column":69}}],"line":176},"30":{"loc":{"start":{"line":176,"column":71},"end":{"line":176,"column":84}},"type":"default-arg","locations":[{"start":{"line":176,"column":81},"end":{"line":176,"column":84}}],"line":176},"31":{"loc":{"start":{"line":179,"column":2},"end":{"line":187,"column":3}},"type":"if","locations":[{"start":{"line":179,"column":2},"end":{"line":187,"column":3}},{"start":{},"end":{}}],"line":179},"32":{"loc":{"start":{"line":182,"column":27},"end":{"line":182,"column":46}},"type":"binary-expr","locations":[{"start":{"line":182,"column":27},"end":{"line":182,"column":40}},{"start":{"line":182,"column":44},"end":{"line":182,"column":46}}],"line":182},"33":{"loc":{"start":{"line":183,"column":6},"end":{"line":183,"column":76}},"type":"if","locations":[{"start":{"line":183,"column":6},"end":{"line":183,"column":76}},{"start":{},"end":{}}],"line":183},"34":{"loc":{"start":{"line":194,"column":24},"end":{"line":194,"column":83}},"type":"cond-expr","locations":[{"start":{"line":194,"column":60},"end":{"line":194,"column":78}},{"start":{"line":194,"column":81},"end":{"line":194,"column":83}}],"line":194},"35":{"loc":{"start":{"line":198,"column":18},"end":{"line":198,"column":52}},"type":"cond-expr","locations":[{"start":{"line":198,"column":42},"end":{"line":198,"column":43}},{"start":{"line":198,"column":46},"end":{"line":198,"column":52}}],"line":198},"36":{"loc":{"start":{"line":199,"column":23},"end":{"line":199,"column":70}},"type":"cond-expr","locations":[{"start":{"line":199,"column":47},"end":{"line":199,"column":56}},{"start":{"line":199,"column":59},"end":{"line":199,"column":70}}],"line":199},"37":{"loc":{"start":{"line":201,"column":6},"end":{"line":201,"column":42}},"type":"if","locations":[{"start":{"line":201,"column":6},"end":{"line":201,"column":42}},{"start":{},"end":{}}],"line":201},"38":{"loc":{"start":{"line":201,"column":10},"end":{"line":201,"column":31}},"type":"binary-expr","locations":[{"start":{"line":201,"column":10},"end":{"line":201,"column":14}},{"start":{"line":201,"column":18},"end":{"line":201,"column":31}}],"line":201},"39":{"loc":{"start":{"line":207,"column":8},"end":{"line":207,"column":56}},"type":"if","locations":[{"start":{"line":207,"column":8},"end":{"line":207,"column":56}},{"start":{},"end":{}}],"line":207},"40":{"loc":{"start":{"line":207,"column":12},"end":{"line":207,"column":45}},"type":"binary-expr","locations":[{"start":{"line":207,"column":12},"end":{"line":207,"column":25}},{"start":{"line":207,"column":29},"end":{"line":207,"column":45}}],"line":207},"41":{"loc":{"start":{"line":211,"column":8},"end":{"line":211,"column":53}},"type":"if","locations":[{"start":{"line":211,"column":8},"end":{"line":211,"column":53}},{"start":{},"end":{}}],"line":211},"42":{"loc":{"start":{"line":219,"column":10},"end":{"line":219,"column":45}},"type":"if","locations":[{"start":{"line":219,"column":10},"end":{"line":219,"column":45}},{"start":{},"end":{}}],"line":219},"43":{"loc":{"start":{"line":222,"column":26},"end":{"line":222,"column":49}},"type":"binary-expr","locations":[{"start":{"line":222,"column":26},"end":{"line":222,"column":36}},{"start":{"line":222,"column":40},"end":{"line":222,"column":49}}],"line":222},"44":{"loc":{"start":{"line":226,"column":23},"end":{"line":226,"column":43}},"type":"binary-expr","locations":[{"start":{"line":226,"column":23},"end":{"line":226,"column":30}},{"start":{"line":226,"column":34},"end":{"line":226,"column":43}}],"line":226},"45":{"loc":{"start":{"line":228,"column":31},"end":{"line":228,"column":54}},"type":"binary-expr","locations":[{"start":{"line":228,"column":31},"end":{"line":228,"column":41}},{"start":{"line":228,"column":45},"end":{"line":228,"column":54}}],"line":228},"46":{"loc":{"start":{"line":229,"column":27},"end":{"line":229,"column":68}},"type":"binary-expr","locations":[{"start":{"line":229,"column":27},"end":{"line":229,"column":39}},{"start":{"line":229,"column":43},"end":{"line":229,"column":54}},{"start":{"line":229,"column":58},"end":{"line":229,"column":68}}],"line":229},"47":{"loc":{"start":{"line":230,"column":34},"end":{"line":230,"column":58}},"type":"binary-expr","locations":[{"start":{"line":230,"column":34},"end":{"line":230,"column":52}},{"start":{"line":230,"column":56},"end":{"line":230,"column":58}}],"line":230},"48":{"loc":{"start":{"line":232,"column":24},"end":{"line":232,"column":40}},"type":"binary-expr","locations":[{"start":{"line":232,"column":24},"end":{"line":232,"column":32}},{"start":{"line":232,"column":36},"end":{"line":232,"column":40}}],"line":232},"49":{"loc":{"start":{"line":235,"column":27},"end":{"line":235,"column":88}},"type":"binary-expr","locations":[{"start":{"line":235,"column":27},"end":{"line":235,"column":75}},{"start":{"line":235,"column":79},"end":{"line":235,"column":88}}],"line":235},"50":{"loc":{"start":{"line":235,"column":28},"end":{"line":235,"column":42}},"type":"binary-expr","locations":[{"start":{"line":235,"column":28},"end":{"line":235,"column":36}},{"start":{"line":235,"column":40},"end":{"line":235,"column":42}}],"line":235},"51":{"loc":{"start":{"line":246,"column":2},"end":{"line":246,"column":42}},"type":"if","locations":[{"start":{"line":246,"column":2},"end":{"line":246,"column":42}},{"start":{},"end":{}}],"line":246},"52":{"loc":{"start":{"line":278,"column":6},"end":{"line":280,"column":7}},"type":"if","locations":[{"start":{"line":278,"column":6},"end":{"line":280,"column":7}},{"start":{},"end":{}}],"line":278},"53":{"loc":{"start":{"line":292,"column":6},"end":{"line":292,"column":14}},"type":"default-arg","locations":[{"start":{"line":292,"column":13},"end":{"line":292,"column":14}}],"line":292},"54":{"loc":{"start":{"line":293,"column":6},"end":{"line":293,"column":25}},"type":"default-arg","locations":[{"start":{"line":293,"column":16},"end":{"line":293,"column":25}}],"line":293},"55":{"loc":{"start":{"line":294,"column":6},"end":{"line":294,"column":16}},"type":"default-arg","locations":[{"start":{"line":294,"column":13},"end":{"line":294,"column":16}}],"line":294},"56":{"loc":{"start":{"line":295,"column":6},"end":{"line":295,"column":19}},"type":"default-arg","locations":[{"start":{"line":295,"column":16},"end":{"line":295,"column":19}}],"line":295},"57":{"loc":{"start":{"line":296,"column":6},"end":{"line":296,"column":21}},"type":"default-arg","locations":[{"start":{"line":296,"column":16},"end":{"line":296,"column":21}}],"line":296},"58":{"loc":{"start":{"line":297,"column":6},"end":{"line":297,"column":24}},"type":"default-arg","locations":[{"start":{"line":297,"column":20},"end":{"line":297,"column":24}}],"line":297},"59":{"loc":{"start":{"line":298,"column":6},"end":{"line":298,"column":30}},"type":"default-arg","locations":[{"start":{"line":298,"column":26},"end":{"line":298,"column":30}}],"line":298},"60":{"loc":{"start":{"line":299,"column":8},"end":{"line":299,"column":22}},"type":"binary-expr","locations":[{"start":{"line":299,"column":8},"end":{"line":299,"column":16}},{"start":{"line":299,"column":20},"end":{"line":299,"column":22}}],"line":299},"61":{"loc":{"start":{"line":301,"column":4},"end":{"line":303,"column":5}},"type":"if","locations":[{"start":{"line":301,"column":4},"end":{"line":303,"column":5}},{"start":{},"end":{}}],"line":301},"62":{"loc":{"start":{"line":301,"column":8},"end":{"line":301,"column":43}},"type":"binary-expr","locations":[{"start":{"line":301,"column":8},"end":{"line":301,"column":14}},{"start":{"line":301,"column":18},"end":{"line":301,"column":43}}],"line":301},"63":{"loc":{"start":{"line":305,"column":26},"end":{"line":305,"column":48}},"type":"binary-expr","locations":[{"start":{"line":305,"column":26},"end":{"line":305,"column":38}},{"start":{"line":305,"column":42},"end":{"line":305,"column":48}}],"line":305},"64":{"loc":{"start":{"line":307,"column":20},"end":{"line":307,"column":76}},"type":"binary-expr","locations":[{"start":{"line":307,"column":20},"end":{"line":307,"column":49}},{"start":{"line":307,"column":53},"end":{"line":307,"column":76}}],"line":307},"65":{"loc":{"start":{"line":316,"column":4},"end":{"line":319,"column":5}},"type":"if","locations":[{"start":{"line":316,"column":4},"end":{"line":319,"column":5}},{"start":{},"end":{}}],"line":316},"66":{"loc":{"start":{"line":322,"column":26},"end":{"line":322,"column":78}},"type":"cond-expr","locations":[{"start":{"line":322,"column":46},"end":{"line":322,"column":70}},{"start":{"line":322,"column":73},"end":{"line":322,"column":78}}],"line":322},"67":{"loc":{"start":{"line":335,"column":10},"end":{"line":335,"column":56}},"type":"cond-expr","locations":[{"start":{"line":335,"column":36},"end":{"line":335,"column":51}},{"start":{"line":335,"column":54},"end":{"line":335,"column":56}}],"line":335},"68":{"loc":{"start":{"line":349,"column":8},"end":{"line":362,"column":9}},"type":"if","locations":[{"start":{"line":349,"column":8},"end":{"line":362,"column":9}},{"start":{},"end":{}}],"line":349},"69":{"loc":{"start":{"line":352,"column":28},"end":{"line":352,"column":56}},"type":"binary-expr","locations":[{"start":{"line":352,"column":28},"end":{"line":352,"column":50}},{"start":{"line":352,"column":54},"end":{"line":352,"column":56}}],"line":352},"70":{"loc":{"start":{"line":358,"column":24},"end":{"line":358,"column":41}},"type":"binary-expr","locations":[{"start":{"line":358,"column":24},"end":{"line":358,"column":36}},{"start":{"line":358,"column":40},"end":{"line":358,"column":41}}],"line":358},"71":{"loc":{"start":{"line":372,"column":6},"end":{"line":374,"column":7}},"type":"if","locations":[{"start":{"line":372,"column":6},"end":{"line":374,"column":7}},{"start":{},"end":{}}],"line":372},"72":{"loc":{"start":{"line":372,"column":10},"end":{"line":372,"column":84}},"type":"binary-expr","locations":[{"start":{"line":372,"column":10},"end":{"line":372,"column":32}},{"start":{"line":372,"column":36},"end":{"line":372,"column":84}}],"line":372},"73":{"loc":{"start":{"line":378,"column":23},"end":{"line":378,"column":38}},"type":"binary-expr","locations":[{"start":{"line":378,"column":23},"end":{"line":378,"column":33}},{"start":{"line":378,"column":37},"end":{"line":378,"column":38}}],"line":378},"74":{"loc":{"start":{"line":378,"column":43},"end":{"line":378,"column":58}},"type":"binary-expr","locations":[{"start":{"line":378,"column":43},"end":{"line":378,"column":53}},{"start":{"line":378,"column":57},"end":{"line":378,"column":58}}],"line":378},"75":{"loc":{"start":{"line":381,"column":4},"end":{"line":387,"column":5}},"type":"if","locations":[{"start":{"line":381,"column":4},"end":{"line":387,"column":5}},{"start":{},"end":{}}],"line":381},"76":{"loc":{"start":{"line":391,"column":13},"end":{"line":391,"column":59}},"type":"binary-expr","locations":[{"start":{"line":391,"column":13},"end":{"line":391,"column":37}},{"start":{"line":391,"column":41},"end":{"line":391,"column":59}}],"line":391},"77":{"loc":{"start":{"line":401,"column":34},"end":{"line":401,"column":89}},"type":"cond-expr","locations":[{"start":{"line":401,"column":53},"end":{"line":401,"column":84}},{"start":{"line":401,"column":87},"end":{"line":401,"column":89}}],"line":401},"78":{"loc":{"start":{"line":401,"column":93},"end":{"line":401,"column":138}},"type":"cond-expr","locations":[{"start":{"line":401,"column":109},"end":{"line":401,"column":133}},{"start":{"line":401,"column":136},"end":{"line":401,"column":138}}],"line":401},"79":{"loc":{"start":{"line":428,"column":19},"end":{"line":428,"column":102}},"type":"cond-expr","locations":[{"start":{"line":428,"column":55},"end":{"line":428,"column":67}},{"start":{"line":428,"column":71},"end":{"line":428,"column":101}}],"line":428},"80":{"loc":{"start":{"line":428,"column":71},"end":{"line":428,"column":101}},"type":"binary-expr","locations":[{"start":{"line":428,"column":71},"end":{"line":428,"column":95}},{"start":{"line":428,"column":99},"end":{"line":428,"column":101}}],"line":428},"81":{"loc":{"start":{"line":433,"column":11},"end":{"line":433,"column":39}},"type":"binary-expr","locations":[{"start":{"line":433,"column":11},"end":{"line":433,"column":31}},{"start":{"line":433,"column":35},"end":{"line":433,"column":39}}],"line":433},"82":{"loc":{"start":{"line":434,"column":16},"end":{"line":434,"column":49}},"type":"binary-expr","locations":[{"start":{"line":434,"column":16},"end":{"line":434,"column":41}},{"start":{"line":434,"column":45},"end":{"line":434,"column":49}}],"line":434},"83":{"loc":{"start":{"line":435,"column":16},"end":{"line":435,"column":49}},"type":"binary-expr","locations":[{"start":{"line":435,"column":16},"end":{"line":435,"column":41}},{"start":{"line":435,"column":45},"end":{"line":435,"column":49}}],"line":435},"84":{"loc":{"start":{"line":436,"column":19},"end":{"line":436,"column":55}},"type":"binary-expr","locations":[{"start":{"line":436,"column":19},"end":{"line":436,"column":47}},{"start":{"line":436,"column":51},"end":{"line":436,"column":55}}],"line":436},"85":{"loc":{"start":{"line":437,"column":19},"end":{"line":437,"column":55}},"type":"binary-expr","locations":[{"start":{"line":437,"column":19},"end":{"line":437,"column":47}},{"start":{"line":437,"column":51},"end":{"line":437,"column":55}}],"line":437},"86":{"loc":{"start":{"line":438,"column":18},"end":{"line":438,"column":50}},"type":"binary-expr","locations":[{"start":{"line":438,"column":18},"end":{"line":438,"column":45}},{"start":{"line":438,"column":49},"end":{"line":438,"column":50}}],"line":438},"87":{"loc":{"start":{"line":439,"column":22},"end":{"line":439,"column":79}},"type":"cond-expr","locations":[{"start":{"line":439,"column":40},"end":{"line":439,"column":72}},{"start":{"line":439,"column":75},"end":{"line":439,"column":79}}],"line":439},"88":{"loc":{"start":{"line":444,"column":21},"end":{"line":444,"column":66}},"type":"cond-expr","locations":[{"start":{"line":444,"column":41},"end":{"line":444,"column":54}},{"start":{"line":444,"column":57},"end":{"line":444,"column":66}}],"line":444}},"s":{"0":1,"1":1,"2":1,"3":1,"4":1,"5":1,"6":1,"7":1,"8":1,"9":1,"10":0,"11":0,"12":0,"13":0,"14":0,"15":0,"16":0,"17":0,"18":0,"19":0,"20":0,"21":0,"22":0,"23":0,"24":0,"25":0,"26":0,"27":0,"28":0,"29":0,"30":0,"31":0,"32":0,"33":0,"34":0,"35":0,"36":0,"37":0,"38":0,"39":0,"40":0,"41":0,"42":0,"43":0,"44":0,"45":0,"46":0,"47":0,"48":0,"49":0,"50":0,"51":0,"52":0,"53":0,"54":0,"55":0,"56":0,"57":0,"58":0,"59":0,"60":0,"61":0,"62":0,"63":0,"64":0,"65":0,"66":0,"67":0,"68":0,"69":0,"70":0,"71":0,"72":0,"73":0,"74":0,"75":0,"76":0,"77":0,"78":0,"79":0,"80":0,"81":0,"82":0,"83":0,"84":0,"85":0,"86":0,"87":0,"88":0,"89":0,"90":0,"91":0,"92":0,"93":0,"94":0,"95":0,"96":0,"97":0,"98":0,"99":0,"100":0,"101":0,"102":0,"103":0,"104":0,"105":0,"106":0,"107":0,"108":0,"109":0,"110":0,"111":0,"112":0,"113":0,"114":0,"115":0,"116":0,"117":0,"118":0,"119":0,"120":0,"121":0,"122":0,"123":0,"124":0,"125":0,"126":0,"127":0,"128":0,"129":0,"130":0,"131":0,"132":0,"133":0,"134":0,"135":0,"136":0,"137":0,"138":0,"139":1,"140":0,"141":0,"142":0,"143":0,"144":0,"145":0,"146":0,"147":0,"148":0,"149":0,"150":0,"151":0,"152":0,"153":0,"154":0,"155":0,"156":0,"157":0,"158":0,"159":0,"160":0,"161":0,"162":0,"163":0,"164":0,"165":0,"166":0,"167":0,"168":0,"169":0,"170":0,"171":0,"172":0,"173":0,"174":0,"175":0,"176":0,"177":0,"178":0,"179":0,"180":0,"181":0,"182":0,"183":0,"184":0,"185":0,"186":0,"187":0,"188":0,"189":0,"190":0,"191":0,"192":0,"193":0,"194":0,"195":0,"196":0,"197":0,"198":1},"f":{"0":0,"1":0,"2":0,"3":0,"4":0,"5":0,"6":0,"7":0,"8":0,"9":0,"10":0,"11":0,"12":0,"13":0,"14":0,"15":0,"16":0,"17":0,"18":0,"19":0,"20":0,"21":0,"22":0,"23":0,"24":0,"25":0,"26":0,"27":0,"28":0,"29":0},"b":{"0":[0,0],"1":[0,0],"2":[0,0],"3":[0,0],"4":[0,0],"5":[0,0],"6":[0,0],"7":[0,0],"8":[0,0],"9":[0,0],"10":[0,0],"11":[0,0],"12":[0,0],"13":[0,0,0],"14":[0,0],"15":[0],"16":[0],"17":[0],"18":[0],"19":[0,0],"20":[0,0],"21":[0,0],"22":[0,0],"23":[0,0],"24":[0,0],"25":[0],"26":[0],"27":[0],"28":[0,0],"29":[0],"30":[0],"31":[0,0],"32":[0,0],"33":[0,0],"34":[0,0],"35":[0,0],"36":[0,0],"37":[0,0],"38":[0,0],"39":[0,0],"40":[0,0],"41":[0,0],"42":[0,0],"43":[0,0],"44":[0,0],"45":[0,0],"46":[0,0,0],"47":[0,0],"48":[0,0],"49":[0,0],"50":[0,0],"51":[0,0],"52":[0,0],"53":[0],"54":[0],"55":[0],"56":[0],"57":[0],"58":[0],"59":[0],"60":[0,0],"61":[0,0],"62":[0,0],"63":[0,0],"64":[0,0],"65":[0,0],"66":[0,0],"67":[0,0],"68":[0,0],"69":[0,0],"70":[0,0],"71":[0,0],"72":[0,0],"73":[0,0],"74":[0,0],"75":[0,0],"76":[0,0],"77":[0,0],"78":[0,0],"79":[0,0],"80":[0,0],"81":[0,0],"82":[0,0],"83":[0,0],"84":[0,0],"85":[0,0],"86":[0,0],"87":[0,0],"88":[0,0]},"_coverageSchema":"1a1c01bbd47fc00a2c39e90264f33305004495a9","hash":"85491d58d839d24ec9cf8727d49363ccd09d6f7e"}
}
