TN:
SF:ai.js
FN:11,(anonymous_0)
FN:12,(anonymous_1)
FN:20,buildMessages
FN:64,(anonymous_3)
FN:80,(anonymous_4)
FN:85,(anonymous_5)
FN:140,parseCreateTicketArgs
FN:172,postTicketToAPI
FN:182,(anonymous_8)
FN:185,(anonymous_9)
FN:188,summarizeTicket
FN:200,(anonymous_11)
FN:217,(anonymous_12)
FN:222,(anonymous_13)
FN:242,(anonymous_14)
FN:261,(anonymous_15)
FN:279,(anonymous_16)
FN:304,(anonymous_17)
FN:341,(anonymous_18)
FN:348,(anonymous_19)
FN:355,(anonymous_20)
FN:358,(anonymous_21)
FN:413,parseEmailForTicket
FN:474,(anonymous_23)
FN:476,(anonymous_24)
FN:493,(anonymous_25)
FN:516,(anonymous_26)
FN:558,(anonymous_27)
FN:564,(anonymous_28)
FN:653,(anonymous_29)
FN:663,(anonymous_30)
FN:701,(anonymous_31)
FN:715,(anonymous_32)
FN:727,(anonymous_33)
FN:739,(anonymous_34)
FN:769,(anonymous_35)
FN:777,(anonymous_36)
FN:802,(anonymous_37)
FN:837,(anonymous_38)
FN:845,(anonymous_39)
FN:871,(anonymous_40)
FN:920,setupChatbotRoutes
FN:959,(anonymous_42)
FN:974,(anonymous_43)
FNF:44
FNH:0
FNDA:0,(anonymous_0)
FNDA:0,(anonymous_1)
FNDA:0,buildMessages
FNDA:0,(anonymous_3)
FNDA:0,(anonymous_4)
FNDA:0,(anonymous_5)
FNDA:0,parseCreateTicketArgs
FNDA:0,postTicketToAPI
FNDA:0,(anonymous_8)
FNDA:0,(anonymous_9)
FNDA:0,summarizeTicket
FNDA:0,(anonymous_11)
FNDA:0,(anonymous_12)
FNDA:0,(anonymous_13)
FNDA:0,(anonymous_14)
FNDA:0,(anonymous_15)
FNDA:0,(anonymous_16)
FNDA:0,(anonymous_17)
FNDA:0,(anonymous_18)
FNDA:0,(anonymous_19)
FNDA:0,(anonymous_20)
FNDA:0,(anonymous_21)
FNDA:0,parseEmailForTicket
FNDA:0,(anonymous_23)
FNDA:0,(anonymous_24)
FNDA:0,(anonymous_25)
FNDA:0,(anonymous_26)
FNDA:0,(anonymous_27)
FNDA:0,(anonymous_28)
FNDA:0,(anonymous_29)
FNDA:0,(anonymous_30)
FNDA:0,(anonymous_31)
FNDA:0,(anonymous_32)
FNDA:0,(anonymous_33)
FNDA:0,(anonymous_34)
FNDA:0,(anonymous_35)
FNDA:0,(anonymous_36)
FNDA:0,(anonymous_37)
FNDA:0,(anonymous_38)
FNDA:0,(anonymous_39)
FNDA:0,(anonymous_40)
FNDA:0,setupChatbotRoutes
FNDA:0,(anonymous_42)
FNDA:0,(anonymous_43)
DA:1,1
DA:2,1
DA:3,1
DA:4,1
DA:5,1
DA:7,1
DA:10,1
DA:11,1
DA:12,1
DA:13,0
DA:14,0
DA:15,0
DA:16,0
DA:21,0
DA:61,0
DA:63,0
DA:65,0
DA:66,0
DA:67,0
DA:69,0
DA:73,0
DA:76,0
DA:79,0
DA:80,0
DA:82,0
DA:84,0
DA:85,0
DA:88,0
DA:91,1
DA:99,1
DA:102,1
DA:103,1
DA:104,0
DA:105,0
DA:108,1
DA:109,1
DA:118,1
DA:141,0
DA:143,0
DA:148,0
DA:149,0
DA:150,0
DA:152,0
DA:154,0
DA:156,0
DA:159,0
DA:160,0
DA:162,0
DA:163,0
DA:165,0
DA:166,0
DA:168,0
DA:173,0
DA:181,0
DA:182,0
DA:183,0
DA:185,0
DA:189,0
DA:190,0
DA:199,1
DA:201,0
DA:202,0
DA:204,0
DA:217,0
DA:218,0
DA:220,0
DA:222,0
DA:241,1
DA:243,0
DA:244,0
DA:246,0
DA:261,0
DA:262,0
DA:263,0
DA:278,1
DA:280,0
DA:281,0
DA:282,0
DA:289,0
DA:290,0
DA:291,0
DA:292,0
DA:303,1
DA:305,0
DA:306,0
DA:308,0
DA:309,0
DA:311,0
DA:318,0
DA:327,0
DA:328,0
DA:329,0
DA:332,0
DA:333,0
DA:335,0
DA:336,0
DA:340,0
DA:341,0
DA:342,0
DA:344,0
DA:345,0
DA:348,0
DA:349,0
DA:355,0
DA:356,0
DA:358,0
DA:359,0
DA:360,0
DA:361,0
DA:362,0
DA:364,0
DA:371,0
DA:374,0
DA:376,0
DA:377,0
DA:378,0
DA:379,0
DA:383,0
DA:385,0
DA:386,0
DA:387,0
DA:391,0
DA:392,0
DA:395,0
DA:396,0
DA:414,0
DA:415,0
DA:416,0
DA:419,0
DA:420,0
DA:421,0
DA:425,0
DA:426,0
DA:430,0
DA:432,0
DA:433,0
DA:436,0
DA:437,0
DA:440,0
DA:441,0
DA:444,0
DA:446,0
DA:448,0
DA:458,0
DA:459,0
DA:462,0
DA:464,0
DA:468,0
DA:469,0
DA:471,0
DA:472,0
DA:474,0
DA:475,0
DA:476,0
DA:477,0
DA:481,0
DA:490,0
DA:492,0
DA:493,0
DA:494,0
DA:495,0
DA:499,0
DA:515,1
DA:517,0
DA:518,0
DA:520,0
DA:521,0
DA:524,0
DA:531,0
DA:540,0
DA:541,0
DA:542,0
DA:545,0
DA:546,0
DA:548,0
DA:549,0
DA:553,0
DA:558,0
DA:559,0
DA:560,0
DA:561,0
DA:564,0
DA:565,0
DA:569,0
DA:573,0
DA:575,0
DA:578,0
DA:580,0
DA:581,0
DA:587,0
DA:594,0
DA:595,0
DA:596,0
DA:599,0
DA:600,0
DA:602,0
DA:603,0
DA:605,0
DA:606,0
DA:609,0
DA:611,0
DA:620,0
DA:622,0
DA:623,0
DA:631,0
DA:635,0
DA:636,0
DA:646,0
DA:647,0
DA:648,0
DA:649,0
DA:651,0
DA:652,0
DA:653,0
DA:654,0
DA:655,0
DA:656,0
DA:657,0
DA:661,0
DA:662,0
DA:663,0
DA:664,0
DA:665,0
DA:666,0
DA:670,0
DA:671,0
DA:672,0
DA:673,0
DA:674,0
DA:677,0
DA:680,0
DA:681,0
DA:700,1
DA:702,0
DA:703,0
DA:704,0
DA:705,0
DA:707,0
DA:708,0
DA:712,0
DA:713,0
DA:715,0
DA:722,0
DA:727,0
DA:738,1
DA:740,0
DA:741,0
DA:743,0
DA:744,0
DA:745,0
DA:746,0
DA:748,0
DA:749,0
DA:750,0
DA:752,0
DA:757,0
DA:758,0
DA:761,0
DA:762,0
DA:764,0
DA:765,0
DA:769,0
DA:770,0
DA:771,0
DA:772,0
DA:775,0
DA:777,0
DA:778,0
DA:781,0
DA:783,0
DA:784,0
DA:786,0
DA:787,0
DA:801,1
DA:803,0
DA:804,0
DA:806,0
DA:808,0
DA:809,0
DA:812,0
DA:813,0
DA:814,0
DA:816,0
DA:817,0
DA:818,0
DA:820,0
DA:825,0
DA:826,0
DA:829,0
DA:830,0
DA:832,0
DA:833,0
DA:837,0
DA:838,0
DA:839,0
DA:840,0
DA:843,0
DA:845,0
DA:846,0
DA:849,0
DA:851,0
DA:852,0
DA:854,0
DA:855,0
DA:870,1
DA:872,0
DA:873,0
DA:874,0
DA:877,0
DA:879,0
DA:881,0
DA:882,0
DA:883,0
DA:887,0
DA:888,0
DA:892,0
DA:893,0
DA:921,0
DA:924,0
DA:938,0
DA:959,0
DA:960,0
DA:961,0
DA:962,0
DA:964,0
DA:965,0
DA:966,0
DA:968,0
DA:970,0
DA:971,0
DA:974,0
DA:976,0
DA:977,0
DA:978,0
DA:984,0
DA:986,0
DA:987,0
DA:988,0
DA:989,0
DA:990,0
DA:992,0
DA:993,0
DA:994,0
DA:998,0
DA:1002,0
DA:1003,0
DA:1005,0
DA:1006,0
DA:1007,0
DA:1011,0
DA:1016,0
DA:1017,0
DA:1019,0
DA:1020,0
DA:1021,0
DA:1025,0
DA:1028,1
LF:357
LH:26
BRDA:11,0,0,0
BRDA:11,0,1,0
BRDA:13,1,0,0
BRDA:13,1,1,0
BRDA:15,2,0,0
BRDA:15,2,1,0
BRDA:61,3,0,0
BRDA:61,3,1,0
BRDA:65,4,0,0
BRDA:65,4,1,0
BRDA:65,5,0,0
BRDA:65,5,1,0
BRDA:65,5,2,0
BRDA:66,6,0,0
BRDA:66,6,1,0
BRDA:67,7,0,0
BRDA:67,7,1,0
BRDA:73,8,0,0
BRDA:73,8,1,0
BRDA:80,9,0,0
BRDA:80,9,1,0
BRDA:82,10,0,0
BRDA:82,10,1,0
BRDA:85,11,0,0
BRDA:85,11,1,0
BRDA:103,12,0,0
BRDA:103,12,1,1
BRDA:110,13,0,1
BRDA:110,13,1,1
BRDA:141,14,0,0
BRDA:141,14,1,0
BRDA:145,15,0,0
BRDA:145,15,1,0
BRDA:150,16,0,0
BRDA:150,16,1,0
BRDA:152,17,0,0
BRDA:152,17,1,0
BRDA:152,18,0,0
BRDA:152,18,1,0
BRDA:156,19,0,0
BRDA:156,19,1,0
BRDA:159,20,0,0
BRDA:159,20,1,0
BRDA:159,21,0,0
BRDA:159,21,1,0
BRDA:159,21,2,0
BRDA:159,21,3,0
BRDA:162,22,0,0
BRDA:162,22,1,0
BRDA:165,23,0,0
BRDA:165,23,1,0
BRDA:177,24,0,0
BRDA:177,24,1,0
BRDA:181,25,0,0
BRDA:181,25,1,0
BRDA:189,26,0,0
BRDA:189,26,1,0
BRDA:202,27,0,0
BRDA:202,27,1,0
BRDA:208,28,0,0
BRDA:208,28,1,0
BRDA:211,29,0,0
BRDA:211,29,1,0
BRDA:212,30,0,0
BRDA:212,30,1,0
BRDA:218,31,0,0
BRDA:218,31,1,0
BRDA:222,32,0,0
BRDA:222,32,1,0
BRDA:224,33,0,0
BRDA:224,33,1,0
BRDA:224,33,2,0
BRDA:244,34,0,0
BRDA:244,34,1,0
BRDA:250,35,0,0
BRDA:250,35,1,0
BRDA:253,36,0,0
BRDA:253,36,1,0
BRDA:254,37,0,0
BRDA:254,37,1,0
BRDA:255,38,0,0
BRDA:255,38,1,0
BRDA:256,39,0,0
BRDA:256,39,1,0
BRDA:262,40,0,0
BRDA:262,40,1,0
BRDA:281,41,0,0
BRDA:281,41,1,0
BRDA:286,42,0,0
BRDA:286,42,1,0
BRDA:290,43,0,0
BRDA:290,43,1,0
BRDA:306,44,0,0
BRDA:306,44,1,0
BRDA:312,45,0,0
BRDA:312,45,1,0
BRDA:313,46,0,0
BRDA:313,46,1,0
BRDA:314,47,0,0
BRDA:314,47,1,0
BRDA:315,48,0,0
BRDA:315,48,1,0
BRDA:322,49,0,0
BRDA:322,49,1,0
BRDA:327,50,0,0
BRDA:327,50,1,0
BRDA:333,51,0,0
BRDA:333,51,1,0
BRDA:335,52,0,0
BRDA:335,52,1,0
BRDA:342,53,0,0
BRDA:342,53,1,0
BRDA:342,54,0,0
BRDA:342,54,1,0
BRDA:344,55,0,0
BRDA:344,55,1,0
BRDA:344,55,2,0
BRDA:345,56,0,0
BRDA:345,56,1,0
BRDA:345,56,2,0
BRDA:349,57,0,0
BRDA:349,57,1,0
BRDA:356,58,0,0
BRDA:356,58,1,0
BRDA:359,59,0,0
BRDA:359,59,1,0
BRDA:359,59,2,0
BRDA:360,60,0,0
BRDA:360,60,1,0
BRDA:360,60,2,0
BRDA:361,61,0,0
BRDA:361,61,1,0
BRDA:362,62,0,0
BRDA:362,62,1,0
BRDA:362,62,2,0
BRDA:368,63,0,0
BRDA:368,63,1,0
BRDA:376,64,0,0
BRDA:376,64,1,0
BRDA:378,65,0,0
BRDA:378,65,1,0
BRDA:385,66,0,0
BRDA:385,66,1,0
BRDA:414,67,0,0
BRDA:414,67,1,0
BRDA:414,67,2,0
BRDA:415,68,0,0
BRDA:415,68,1,0
BRDA:415,68,2,0
BRDA:416,69,0,0
BRDA:416,69,1,0
BRDA:416,69,2,0
BRDA:420,70,0,0
BRDA:420,70,1,0
BRDA:425,71,0,0
BRDA:425,71,1,0
BRDA:432,72,0,0
BRDA:432,72,1,0
BRDA:436,73,0,0
BRDA:436,73,1,0
BRDA:436,74,0,0
BRDA:436,74,1,0
BRDA:440,75,0,0
BRDA:440,75,1,0
BRDA:446,76,0,0
BRDA:446,76,1,0
BRDA:458,77,0,0
BRDA:458,77,1,0
BRDA:474,78,0,0
BRDA:474,78,1,0
BRDA:476,79,0,0
BRDA:476,79,1,0
BRDA:493,80,0,0
BRDA:493,80,1,0
BRDA:518,81,0,0
BRDA:518,81,1,0
BRDA:525,82,0,0
BRDA:525,82,1,0
BRDA:526,83,0,0
BRDA:526,83,1,0
BRDA:527,84,0,0
BRDA:527,84,1,0
BRDA:528,85,0,0
BRDA:528,85,1,0
BRDA:535,86,0,0
BRDA:535,86,1,0
BRDA:540,87,0,0
BRDA:540,87,1,0
BRDA:546,88,0,0
BRDA:546,88,1,0
BRDA:548,89,0,0
BRDA:548,89,1,0
BRDA:559,90,0,0
BRDA:559,90,1,0
BRDA:559,90,2,0
BRDA:560,91,0,0
BRDA:560,91,1,0
BRDA:560,91,2,0
BRDA:569,92,0,0
BRDA:569,92,1,0
BRDA:569,92,2,0
BRDA:575,93,0,0
BRDA:575,93,1,0
BRDA:575,93,2,0
BRDA:580,94,0,0
BRDA:580,94,1,0
BRDA:599,95,0,0
BRDA:599,95,1,0
BRDA:599,96,0,0
BRDA:599,96,1,0
BRDA:602,97,0,0
BRDA:602,97,1,0
BRDA:605,98,0,0
BRDA:605,98,1,0
BRDA:615,99,0,0
BRDA:615,99,1,0
BRDA:622,100,0,0
BRDA:622,100,1,0
BRDA:624,101,0,0
BRDA:624,101,1,0
BRDA:631,102,0,0
BRDA:631,102,1,0
BRDA:631,102,2,0
BRDA:638,103,0,0
BRDA:638,103,1,0
BRDA:639,104,0,0
BRDA:639,104,1,0
BRDA:651,105,0,0
BRDA:651,105,1,0
BRDA:661,106,0,0
BRDA:661,106,1,0
BRDA:670,107,0,0
BRDA:670,107,1,0
BRDA:670,108,0,0
BRDA:670,108,1,0
BRDA:703,109,0,0
BRDA:703,109,1,0
BRDA:704,110,0,0
BRDA:704,110,1,0
BRDA:705,111,0,0
BRDA:705,111,1,0
BRDA:710,112,0,0
BRDA:710,112,1,0
BRDA:713,113,0,0
BRDA:713,113,1,0
BRDA:715,114,0,0
BRDA:715,114,1,0
BRDA:726,115,0,0
BRDA:726,115,1,0
BRDA:741,116,0,0
BRDA:741,116,1,0
BRDA:748,117,0,0
BRDA:748,117,1,0
BRDA:749,118,0,0
BRDA:749,118,1,0
BRDA:750,119,0,0
BRDA:750,119,1,0
BRDA:757,120,0,0
BRDA:757,120,1,0
BRDA:762,121,0,0
BRDA:762,121,1,0
BRDA:764,122,0,0
BRDA:764,122,1,0
BRDA:770,123,0,0
BRDA:770,123,1,0
BRDA:770,123,2,0
BRDA:771,124,0,0
BRDA:771,124,1,0
BRDA:771,124,2,0
BRDA:778,125,0,0
BRDA:778,125,1,0
BRDA:778,125,2,0
BRDA:804,126,0,0
BRDA:804,126,1,0
BRDA:808,127,0,0
BRDA:808,127,1,0
BRDA:808,128,0,0
BRDA:808,128,1,0
BRDA:816,129,0,0
BRDA:816,129,1,0
BRDA:817,130,0,0
BRDA:817,130,1,0
BRDA:818,131,0,0
BRDA:818,131,1,0
BRDA:825,132,0,0
BRDA:825,132,1,0
BRDA:830,133,0,0
BRDA:830,133,1,0
BRDA:832,134,0,0
BRDA:832,134,1,0
BRDA:838,135,0,0
BRDA:838,135,1,0
BRDA:838,135,2,0
BRDA:839,136,0,0
BRDA:839,136,1,0
BRDA:839,136,2,0
BRDA:873,137,0,0
BRDA:873,137,1,0
BRDA:874,138,0,0
BRDA:874,138,1,0
BRDA:879,139,0,0
BRDA:879,139,1,0
BRDA:879,139,2,0
BRDA:879,139,3,0
BRDA:881,140,0,0
BRDA:881,140,1,0
BRDA:882,141,0,0
BRDA:882,141,1,0
BRDA:887,142,0,0
BRDA:887,142,1,0
BRDA:887,143,0,0
BRDA:887,143,1,0
BRDA:887,143,2,0
BRDA:939,144,0,0
BRDA:939,144,1,0
BRDA:960,145,0,0
BRDA:960,145,1,0
BRDA:961,146,0,0
BRDA:961,146,1,0
BRDA:961,147,0,0
BRDA:961,147,1,0
BRDA:961,147,2,0
BRDA:966,148,0,0
BRDA:966,148,1,0
BRDA:974,149,0,0
BRDA:974,149,1,0
BRDA:976,150,0,0
BRDA:976,150,1,0
BRDA:976,151,0,0
BRDA:976,151,1,0
BRDA:986,152,0,0
BRDA:986,152,1,0
BRDA:987,153,0,0
BRDA:987,153,1,0
BRDA:990,154,0,0
BRDA:990,154,1,0
BRDA:992,155,0,0
BRDA:992,155,1,0
BRDA:998,156,0,0
BRDA:998,156,1,0
BRDA:1000,157,0,0
BRDA:1000,157,1,0
BRDA:1011,158,0,0
BRDA:1011,158,1,0
BRDA:1013,159,0,0
BRDA:1013,159,1,0
BRDA:1014,160,0,0
BRDA:1014,160,1,0
BRF:348
BRH:3
end_of_record
TN:
SF:server.js
FN:42,(anonymous_0)
FN:58,(anonymous_1)
FNF:2
FNH:0
FNDA:0,(anonymous_0)
FNDA:0,(anonymous_1)
DA:1,1
DA:2,1
DA:3,1
DA:4,1
DA:5,1
DA:7,1
DA:8,1
DA:9,1
DA:11,1
DA:12,1
DA:13,1
DA:15,1
DA:18,1
DA:20,1
DA:25,1
DA:26,1
DA:30,1
DA:32,1
DA:33,1
DA:34,1
DA:35,1
DA:36,1
DA:39,1
DA:42,1
DA:44,1
DA:47,1
DA:48,0
DA:49,0
DA:50,0
DA:54,1
DA:57,1
DA:58,0
DA:62,1
LF:33
LH:29
BRDA:21,0,0,1
BRDA:21,0,1,0
BRDA:47,1,0,0
BRDA:47,1,1,1
BRDA:54,2,0,1
BRDA:54,2,1,0
BRDA:57,3,0,0
BRDA:57,3,1,1
BRF:8
BRH:4
end_of_record
TN:
SF:upload.js
FN:22,(anonymous_0)
FN:57,(anonymous_1)
FNF:2
FNH:0
FNDA:0,(anonymous_0)
FNDA:0,(anonymous_1)
DA:1,1
DA:2,1
DA:3,1
DA:6,1
DA:20,1
DA:23,0
DA:29,0
DA:31,0
DA:32,0
DA:33,0
DA:34,0
DA:37,0
DA:52,1
DA:58,0
DA:65,0
DA:81,0
DA:82,0
DA:83,0
DA:85,0
DA:86,0
DA:91,1
LF:21
LH:7
BRDA:31,0,0,0
BRDA:31,0,1,0
BRDA:33,1,0,0
BRDA:33,1,1,0
BRDA:41,2,0,0
BRDA:41,2,1,0
BRDA:45,3,0,0
BRDA:45,3,1,0
BRDA:81,4,0,0
BRDA:81,4,1,0
BRDA:81,5,0,0
BRDA:81,5,1,0
BRF:12
BRH:0
end_of_record
TN:
SF:config\Chroma.js
FN:18,getCollection
FNF:1
FNH:0
FNDA:0,getCollection
DA:2,1
DA:3,1
DA:11,1
DA:19,0
DA:24,1
LF:5
LH:4
BRF:0
BRH:0
end_of_record
TN:
SF:config\db.js
FN:4,connectDB
FNF:1
FNH:0
FNDA:0,connectDB
DA:1,1
DA:2,1
DA:4,1
DA:5,0
DA:6,0
DA:7,0
DA:9,0
DA:10,0
LF:8
LH:3
BRDA:2,0,0,1
BRDA:2,0,1,0
BRF:2
BRH:1
end_of_record
TN:
SF:models\GmailToken.js
FNF:0
FNH:0
DA:2,1
DA:4,1
DA:14,1
LF:3
LH:3
BRF:0
BRH:0
end_of_record
TN:
SF:routes\auth.js
FN:28,signUserToken
FN:45,(anonymous_1)
FN:71,(anonymous_2)
FN:105,(anonymous_3)
FNF:4
FNH:0
FNDA:0,signUserToken
FNDA:0,(anonymous_1)
FNDA:0,(anonymous_2)
FNDA:0,(anonymous_3)
DA:1,1
DA:2,1
DA:3,1
DA:4,1
DA:5,1
DA:7,1
DA:15,1
DA:16,1
DA:29,0
DA:39,0
DA:45,1
DA:46,0
DA:54,0
DA:56,0
DA:57,0
DA:61,0
DA:62,0
DA:66,0
DA:67,0
DA:69,0
DA:71,0
DA:73,0
DA:76,0
DA:77,0
DA:78,0
DA:80,0
DA:81,0
DA:82,0
DA:83,0
DA:85,0
DA:86,0
DA:99,0
DA:100,0
DA:105,1
DA:106,0
DA:107,0
DA:108,0
DA:109,0
DA:114,0
DA:115,0
DA:116,0
DA:118,0
DA:119,0
DA:120,0
DA:122,0
DA:123,0
DA:136,0
DA:137,0
DA:142,1
LF:49
LH:11
BRDA:36,0,0,0
BRDA:36,0,1,0
BRDA:39,1,0,0
BRDA:39,1,1,0
BRDA:51,2,0,0
BRDA:53,3,0,0
BRDA:54,4,0,0
BRDA:54,4,1,0
BRDA:56,5,0,0
BRDA:56,5,1,0
BRDA:56,6,0,0
BRDA:56,6,1,0
BRDA:56,6,2,0
BRDA:61,7,0,0
BRDA:61,7,1,0
BRDA:61,8,0,0
BRDA:61,8,1,0
BRDA:66,9,0,0
BRDA:66,9,1,0
BRDA:69,10,0,0
BRDA:69,10,1,0
BRDA:70,11,0,0
BRDA:70,11,1,0
BRDA:77,12,0,0
BRDA:77,12,1,0
BRDA:107,13,0,0
BRDA:107,13,1,0
BRDA:108,14,0,0
BRDA:108,14,1,0
BRDA:108,15,0,0
BRDA:108,15,1,0
BRDA:115,16,0,0
BRDA:115,16,1,0
BRDA:119,17,0,0
BRDA:119,17,1,0
BRF:35
BRH:0
end_of_record
TN:
SF:routes\authTickets.js
FN:18,countTicketsAssignedToUser
FN:24,(anonymous_1)
FN:100,(anonymous_2)
FN:127,(anonymous_3)
FN:150,(anonymous_4)
FN:181,(anonymous_5)
FN:187,(anonymous_6)
FN:193,(anonymous_7)
FN:199,(anonymous_8)
FN:212,(anonymous_9)
FN:217,(anonymous_10)
FN:239,(anonymous_11)
FN:301,(anonymous_12)
FN:312,(anonymous_13)
FN:314,(anonymous_14)
FN:319,(anonymous_15)
FN:322,(anonymous_16)
FN:328,(anonymous_17)
FN:329,(anonymous_18)
FN:330,(anonymous_19)
FN:331,(anonymous_20)
FN:335,(anonymous_21)
FN:384,(anonymous_22)
FN:388,(anonymous_23)
FN:392,(anonymous_24)
FN:396,(anonymous_25)
FN:400,(anonymous_26)
FN:404,(anonymous_27)
FN:409,(anonymous_28)
FN:464,(anonymous_29)
FN:466,(anonymous_30)
FN:467,(anonymous_31)
FN:468,(anonymous_32)
FN:470,(anonymous_33)
FN:476,(anonymous_34)
FN:497,(anonymous_35)
FN:518,(anonymous_36)
FN:523,(anonymous_37)
FN:540,(anonymous_38)
FN:543,(anonymous_39)
FN:544,(anonymous_40)
FN:545,(anonymous_41)
FN:551,(anonymous_42)
FN:553,(anonymous_43)
FN:555,(anonymous_44)
FN:579,(anonymous_45)
FN:589,(anonymous_46)
FN:595,(anonymous_47)
FN:599,(anonymous_48)
FN:616,(anonymous_49)
FN:669,(anonymous_50)
FN:689,(anonymous_51)
FN:747,(anonymous_52)
FN:748,(anonymous_53)
FN:750,(anonymous_54)
FN:783,(anonymous_55)
FN:821,(anonymous_56)
FN:843,(anonymous_57)
FN:864,(anonymous_58)
FN:920,(anonymous_59)
FN:963,(anonymous_60)
FN:1029,(anonymous_61)
FN:1092,(anonymous_62)
FN:1129,(anonymous_63)
FN:1169,(anonymous_64)
FN:1239,(anonymous_65)
FN:1270,(anonymous_66)
FN:1280,(anonymous_67)
FN:1318,(anonymous_68)
FN:1332,(anonymous_69)
FN:1349,(anonymous_70)
FN:1370,(anonymous_71)
FN:1404,(anonymous_72)
FN:1412,(anonymous_73)
FNF:74
FNH:4
FNDA:0,countTicketsAssignedToUser
FNDA:0,(anonymous_1)
FNDA:0,(anonymous_2)
FNDA:0,(anonymous_3)
FNDA:0,(anonymous_4)
FNDA:0,(anonymous_5)
FNDA:0,(anonymous_6)
FNDA:0,(anonymous_7)
FNDA:0,(anonymous_8)
FNDA:0,(anonymous_9)
FNDA:0,(anonymous_10)
FNDA:0,(anonymous_11)
FNDA:0,(anonymous_12)
FNDA:0,(anonymous_13)
FNDA:0,(anonymous_14)
FNDA:0,(anonymous_15)
FNDA:0,(anonymous_16)
FNDA:0,(anonymous_17)
FNDA:0,(anonymous_18)
FNDA:0,(anonymous_19)
FNDA:0,(anonymous_20)
FNDA:0,(anonymous_21)
FNDA:0,(anonymous_22)
FNDA:0,(anonymous_23)
FNDA:0,(anonymous_24)
FNDA:0,(anonymous_25)
FNDA:0,(anonymous_26)
FNDA:0,(anonymous_27)
FNDA:0,(anonymous_28)
FNDA:0,(anonymous_29)
FNDA:0,(anonymous_30)
FNDA:0,(anonymous_31)
FNDA:0,(anonymous_32)
FNDA:0,(anonymous_33)
FNDA:0,(anonymous_34)
FNDA:0,(anonymous_35)
FNDA:0,(anonymous_36)
FNDA:0,(anonymous_37)
FNDA:0,(anonymous_38)
FNDA:0,(anonymous_39)
FNDA:0,(anonymous_40)
FNDA:0,(anonymous_41)
FNDA:0,(anonymous_42)
FNDA:0,(anonymous_43)
FNDA:0,(anonymous_44)
FNDA:0,(anonymous_45)
FNDA:0,(anonymous_46)
FNDA:0,(anonymous_47)
FNDA:0,(anonymous_48)
FNDA:0,(anonymous_49)
FNDA:0,(anonymous_50)
FNDA:11,(anonymous_51)
FNDA:24,(anonymous_52)
FNDA:117,(anonymous_53)
FNDA:2,(anonymous_54)
FNDA:0,(anonymous_55)
FNDA:0,(anonymous_56)
FNDA:0,(anonymous_57)
FNDA:0,(anonymous_58)
FNDA:0,(anonymous_59)
FNDA:0,(anonymous_60)
FNDA:0,(anonymous_61)
FNDA:0,(anonymous_62)
FNDA:0,(anonymous_63)
FNDA:0,(anonymous_64)
FNDA:0,(anonymous_65)
FNDA:0,(anonymous_66)
FNDA:0,(anonymous_67)
FNDA:0,(anonymous_68)
FNDA:0,(anonymous_69)
FNDA:0,(anonymous_70)
FNDA:0,(anonymous_71)
FNDA:0,(anonymous_72)
FNDA:0,(anonymous_73)
DA:1,1
DA:2,1
DA:3,1
DA:12,1
DA:13,1
DA:14,1
DA:15,1
DA:19,0
DA:20,0
DA:24,1
DA:25,0
DA:26,0
DA:27,0
DA:28,0
DA:32,0
DA:34,0
DA:35,0
DA:38,0
DA:39,0
DA:41,0
DA:42,0
DA:45,0
DA:46,0
DA:47,0
DA:50,0
DA:55,0
DA:61,0
DA:62,0
DA:63,0
DA:64,0
DA:68,0
DA:69,0
DA:72,0
DA:75,0
DA:76,0
DA:79,0
DA:80,0
DA:87,0
DA:92,0
DA:94,0
DA:95,0
DA:100,1
DA:101,0
DA:102,0
DA:103,0
DA:104,0
DA:105,0
DA:107,0
DA:109,0
DA:114,0
DA:119,0
DA:120,0
DA:122,0
DA:124,0
DA:125,0
DA:127,0
DA:128,0
DA:130,0
DA:131,0
DA:134,0
DA:138,0
DA:139,0
DA:140,0
DA:141,0
DA:142,0
DA:143,0
DA:145,0
DA:148,0
DA:150,0
DA:151,0
DA:152,0
DA:162,0
DA:164,0
DA:165,0
DA:167,0
DA:170,0
DA:171,0
DA:173,0
DA:175,0
DA:180,0
DA:181,0
DA:187,0
DA:193,0
DA:199,0
DA:201,0
DA:211,0
DA:212,0
DA:215,0
DA:216,0
DA:217,0
DA:218,0
DA:219,0
DA:220,0
DA:224,0
DA:230,0
DA:231,0
DA:239,1
DA:240,0
DA:249,0
DA:251,0
DA:252,0
DA:253,0
DA:259,0
DA:271,0
DA:275,0
DA:276,0
DA:300,0
DA:301,0
DA:312,0
DA:313,0
DA:315,0
DA:319,0
DA:320,0
DA:322,0
DA:323,0
DA:327,0
DA:328,0
DA:329,0
DA:330,0
DA:331,0
DA:335,0
DA:346,0
DA:351,0
DA:381,0
DA:382,0
DA:383,0
DA:384,0
DA:386,0
DA:387,0
DA:388,0
DA:390,0
DA:391,0
DA:392,0
DA:394,0
DA:395,0
DA:396,0
DA:398,0
DA:399,0
DA:400,0
DA:402,0
DA:403,0
DA:404,0
DA:409,0
DA:412,0
DA:414,0
DA:415,0
DA:416,0
DA:418,0
DA:419,0
DA:420,0
DA:422,0
DA:423,0
DA:424,0
DA:426,0
DA:427,0
DA:428,0
DA:430,0
DA:431,0
DA:432,0
DA:434,0
DA:435,0
DA:438,0
DA:439,0
DA:441,0
DA:446,0
DA:447,0
DA:448,0
DA:449,0
DA:455,0
DA:464,0
DA:466,0
DA:467,0
DA:468,0
DA:470,0
DA:476,0
DA:483,0
DA:489,0
DA:490,0
DA:497,1
DA:498,0
DA:499,0
DA:500,0
DA:501,0
DA:507,0
DA:510,0
DA:517,0
DA:518,0
DA:522,0
DA:523,0
DA:524,0
DA:525,0
DA:526,0
DA:530,0
DA:533,0
DA:540,0
DA:543,0
DA:544,0
DA:545,0
DA:550,0
DA:551,0
DA:554,0
DA:555,0
DA:557,0
DA:563,0
DA:570,0
DA:571,0
DA:579,1
DA:580,0
DA:581,0
DA:582,0
DA:583,0
DA:588,0
DA:590,0
DA:591,0
DA:595,0
DA:597,0
DA:599,0
DA:608,0
DA:610,0
DA:611,0
DA:616,1
DA:617,0
DA:618,0
DA:619,0
DA:621,0
DA:622,0
DA:623,0
DA:624,0
DA:625,0
DA:626,0
DA:627,0
DA:631,0
DA:632,0
DA:634,0
DA:635,0
DA:636,0
DA:637,0
DA:638,0
DA:639,0
DA:640,0
DA:652,0
DA:655,0
DA:658,0
DA:659,0
DA:661,0
DA:667,0
DA:668,0
DA:669,0
DA:670,0
DA:671,0
DA:675,0
DA:678,0
DA:681,0
DA:683,0
DA:684,0
DA:689,1
DA:690,11
DA:691,11
DA:692,11
DA:693,11
DA:695,11
DA:696,2
DA:699,9
DA:703,9
DA:705,7
DA:708,2
DA:709,1
DA:711,1
DA:715,8
DA:716,8
DA:717,1
DA:721,7
DA:722,7
DA:723,1
DA:725,6
DA:726,1
DA:730,5
DA:731,5
DA:732,1
DA:736,4
DA:746,4
DA:748,117
DA:750,2
DA:753,4
DA:756,4
DA:759,4
DA:772,3
DA:777,1
DA:778,1
DA:783,1
DA:784,0
DA:785,0
DA:786,0
DA:788,0
DA:789,0
DA:791,0
DA:792,0
DA:795,0
DA:796,0
DA:797,0
DA:801,0
DA:806,0
DA:811,0
DA:812,0
DA:813,0
DA:815,0
DA:816,0
DA:821,1
DA:822,0
DA:823,0
DA:824,0
DA:825,0
DA:827,0
DA:828,0
DA:830,0
DA:831,0
DA:833,0
DA:834,0
DA:839,1
DA:844,0
DA:845,0
DA:846,0
DA:847,0
DA:849,0
DA:850,0
DA:852,0
DA:853,0
DA:854,0
DA:855,0
DA:857,0
DA:858,0
DA:864,1
DA:865,0
DA:866,0
DA:867,0
DA:868,0
DA:871,0
DA:877,0
DA:878,0
DA:883,0
DA:885,0
DA:886,0
DA:888,0
DA:889,0
DA:890,0
DA:891,0
DA:893,0
DA:894,0
DA:895,0
DA:900,0
DA:904,0
DA:905,0
DA:908,0
DA:910,0
DA:911,0
DA:916,1
DA:921,0
DA:922,0
DA:923,0
DA:925,0
DA:926,0
DA:929,0
DA:930,0
DA:933,0
DA:934,0
DA:935,0
DA:936,0
DA:938,0
DA:941,0
DA:942,0
DA:946,0
DA:947,0
DA:950,0
DA:951,0
DA:952,0
DA:954,0
DA:956,0
DA:957,0
DA:963,1
DA:964,0
DA:965,0
DA:966,0
DA:968,0
DA:969,0
DA:972,0
DA:973,0
DA:976,0
DA:977,0
DA:978,0
DA:983,0
DA:985,0
DA:986,0
DA:989,0
DA:990,0
DA:991,0
DA:993,0
DA:994,0
DA:998,0
DA:999,0
DA:1003,0
DA:1009,0
DA:1010,0
DA:1013,0
DA:1018,0
DA:1023,0
DA:1024,0
DA:1029,1
DA:1030,0
DA:1031,0
DA:1032,0
DA:1034,0
DA:1039,0
DA:1042,0
DA:1043,0
DA:1046,0
DA:1047,0
DA:1048,0
DA:1052,0
DA:1053,0
DA:1054,0
DA:1060,0
DA:1061,0
DA:1062,0
DA:1069,0
DA:1070,0
DA:1071,0
DA:1074,0
DA:1079,0
DA:1084,0
DA:1085,0
DA:1092,1
DA:1093,0
DA:1094,0
DA:1096,0
DA:1097,0
DA:1098,0
DA:1101,0
DA:1102,0
DA:1103,0
DA:1107,0
DA:1111,0
DA:1114,0
DA:1115,0
DA:1116,0
DA:1118,0
DA:1120,0
DA:1121,0
DA:1126,1
DA:1130,0
DA:1131,0
DA:1133,0
DA:1134,0
DA:1135,0
DA:1138,0
DA:1139,0
DA:1140,0
DA:1144,0
DA:1145,0
DA:1146,0
DA:1151,0
DA:1152,0
DA:1153,0
DA:1155,0
DA:1157,0
DA:1161,0
DA:1169,1
DA:1170,0
DA:1171,0
DA:1172,0
DA:1175,0
DA:1176,0
DA:1181,0
DA:1182,0
DA:1183,0
DA:1187,0
DA:1188,0
DA:1195,0
DA:1197,0
DA:1198,0
DA:1200,0
DA:1201,0
DA:1202,0
DA:1203,0
DA:1204,0
DA:1207,0
DA:1208,0
DA:1213,0
DA:1225,0
DA:1226,0
DA:1228,0
DA:1233,0
DA:1234,0
DA:1239,1
DA:1240,0
DA:1241,0
DA:1246,0
DA:1247,0
DA:1252,0
DA:1254,0
DA:1255,0
DA:1257,0
DA:1258,0
DA:1259,0
DA:1260,0
DA:1261,0
DA:1264,0
DA:1265,0
DA:1270,0
DA:1272,0
DA:1277,1
DA:1281,0
DA:1282,0
DA:1284,0
DA:1285,0
DA:1286,0
DA:1289,0
DA:1290,0
DA:1291,0
DA:1295,0
DA:1299,0
DA:1304,0
DA:1305,0
DA:1307,0
DA:1309,0
DA:1315,1
DA:1319,0
DA:1320,0
DA:1322,0
DA:1323,0
DA:1324,0
DA:1328,0
DA:1330,0
DA:1331,0
DA:1333,0
DA:1336,0
DA:1337,0
DA:1339,0
DA:1344,0
DA:1349,1
DA:1350,0
DA:1351,0
DA:1354,0
DA:1355,0
DA:1357,0
DA:1364,0
DA:1365,0
DA:1370,1
DA:1371,0
DA:1372,0
DA:1373,0
DA:1385,0
DA:1386,0
DA:1389,0
DA:1390,0
DA:1392,0
DA:1393,0
DA:1394,0
DA:1397,0
DA:1399,0
DA:1400,0
DA:1404,1
DA:1405,0
DA:1406,0
DA:1407,0
DA:1409,0
DA:1410,0
DA:1412,0
DA:1413,0
DA:1415,0
DA:1417,0
DA:1418,0
DA:1422,1
LF:572
LH:64
BRDA:19,0,0,0
BRDA:19,0,1,0
BRDA:27,1,0,0
BRDA:27,1,1,0
BRDA:32,2,0,0
BRDA:32,2,1,0
BRDA:34,3,0,0
BRDA:34,3,1,0
BRDA:39,4,0,0
BRDA:39,4,1,0
BRDA:42,5,0,0
BRDA:42,5,1,0
BRDA:45,6,0,0
BRDA:45,6,1,0
BRDA:50,7,0,0
BRDA:50,7,1,0
BRDA:51,8,0,0
BRDA:51,8,1,0
BRDA:51,8,2,0
BRDA:51,8,3,0
BRDA:61,9,0,0
BRDA:61,9,1,0
BRDA:63,10,0,0
BRDA:63,10,1,0
BRDA:72,11,0,0
BRDA:72,11,1,0
BRDA:79,12,0,0
BRDA:79,12,1,0
BRDA:102,13,0,0
BRDA:103,14,0,0
BRDA:103,14,1,0
BRDA:130,15,0,0
BRDA:130,15,1,0
BRDA:134,16,0,0
BRDA:134,16,1,0
BRDA:138,17,0,0
BRDA:138,17,1,0
BRDA:140,18,0,0
BRDA:140,18,1,0
BRDA:142,19,0,0
BRDA:142,19,1,0
BRDA:151,20,0,0
BRDA:151,20,1,0
BRDA:164,21,0,0
BRDA:164,21,1,0
BRDA:170,22,0,0
BRDA:170,22,1,0
BRDA:171,23,0,0
BRDA:171,23,1,0
BRDA:174,24,0,0
BRDA:174,24,1,0
BRDA:176,25,0,0
BRDA:176,25,1,0
BRDA:215,26,0,0
BRDA:215,26,1,0
BRDA:243,27,0,0
BRDA:244,28,0,0
BRDA:245,29,0,0
BRDA:246,30,0,0
BRDA:247,31,0,0
BRDA:248,32,0,0
BRDA:251,33,0,0
BRDA:251,33,1,0
BRDA:252,34,0,0
BRDA:252,34,1,0
BRDA:262,35,0,0
BRDA:262,35,1,0
BRDA:275,36,0,0
BRDA:275,36,1,0
BRDA:315,37,0,0
BRDA:315,37,1,0
BRDA:341,38,0,0
BRDA:341,38,1,0
BRDA:363,39,0,0
BRDA:363,39,1,0
BRDA:367,40,0,0
BRDA:367,40,1,0
BRDA:370,41,0,0
BRDA:370,41,1,0
BRDA:372,42,0,0
BRDA:372,42,1,0
BRDA:374,43,0,0
BRDA:374,43,1,0
BRDA:382,44,0,0
BRDA:382,44,1,0
BRDA:386,45,0,0
BRDA:386,45,1,0
BRDA:390,46,0,0
BRDA:390,46,1,0
BRDA:394,47,0,0
BRDA:394,47,1,0
BRDA:398,48,0,0
BRDA:398,48,1,0
BRDA:402,49,0,0
BRDA:402,49,1,0
BRDA:412,50,0,0
BRDA:412,50,1,0
BRDA:412,50,2,0
BRDA:412,50,3,0
BRDA:412,50,4,0
BRDA:412,50,5,0
BRDA:438,51,0,0
BRDA:438,51,1,0
BRDA:439,52,0,0
BRDA:439,52,1,0
BRDA:439,53,0,0
BRDA:439,53,1,0
BRDA:441,54,0,0
BRDA:441,54,1,0
BRDA:441,55,0,0
BRDA:441,55,1,0
BRDA:474,56,0,0
BRDA:474,56,1,0
BRDA:500,57,0,0
BRDA:500,57,1,0
BRDA:524,58,0,0
BRDA:524,58,1,0
BRDA:526,59,0,0
BRDA:526,59,1,0
BRDA:539,60,0,0
BRDA:539,60,1,0
BRDA:544,61,0,0
BRDA:544,61,1,0
BRDA:558,62,0,0
BRDA:558,62,1,0
BRDA:581,63,0,0
BRDA:581,64,0,0
BRDA:581,64,1,0
BRDA:582,65,0,0
BRDA:582,65,1,0
BRDA:618,66,0,0
BRDA:618,67,0,0
BRDA:618,67,1,0
BRDA:621,68,0,0
BRDA:621,68,1,0
BRDA:622,69,0,0
BRDA:622,69,1,0
BRDA:625,70,0,0
BRDA:625,70,1,0
BRDA:626,71,0,0
BRDA:626,71,1,0
BRDA:631,72,0,0
BRDA:631,72,1,0
BRDA:636,73,0,0
BRDA:636,73,1,0
BRDA:637,74,0,0
BRDA:637,74,1,0
BRDA:639,75,0,0
BRDA:639,75,1,0
BRDA:658,76,0,0
BRDA:658,76,1,0
BRDA:659,77,0,0
BRDA:659,77,1,0
BRDA:667,78,0,0
BRDA:667,78,1,0
BRDA:671,79,0,0
BRDA:671,79,1,0
BRDA:672,80,0,0
BRDA:672,80,1,0
BRDA:691,81,0,9
BRDA:691,82,0,11
BRDA:691,82,1,0
BRDA:695,83,0,2
BRDA:695,83,1,9
BRDA:695,84,0,11
BRDA:695,84,1,10
BRDA:699,85,0,9
BRDA:699,85,1,9
BRDA:703,86,0,7
BRDA:703,86,1,2
BRDA:708,87,0,1
BRDA:708,87,1,1
BRDA:716,88,0,1
BRDA:716,88,1,7
BRDA:722,89,0,1
BRDA:722,89,1,6
BRDA:725,90,0,1
BRDA:725,90,1,5
BRDA:731,91,0,1
BRDA:731,91,1,4
BRDA:753,92,0,3
BRDA:753,92,1,1
BRDA:786,93,0,0
BRDA:786,93,1,0
BRDA:789,94,0,0
BRDA:789,94,1,0
BRDA:792,95,0,0
BRDA:792,95,1,0
BRDA:795,96,0,0
BRDA:795,96,1,0
BRDA:801,97,0,0
BRDA:801,97,1,0
BRDA:802,98,0,0
BRDA:802,98,1,0
BRDA:802,98,2,0
BRDA:802,98,3,0
BRDA:825,99,0,0
BRDA:825,99,1,0
BRDA:828,100,0,0
BRDA:828,100,1,0
BRDA:847,101,0,0
BRDA:847,101,1,0
BRDA:850,102,0,0
BRDA:850,102,1,0
BRDA:867,103,0,0
BRDA:867,103,1,0
BRDA:877,104,0,0
BRDA:877,104,1,0
BRDA:883,105,0,0
BRDA:883,105,1,0
BRDA:885,106,0,0
BRDA:885,106,1,0
BRDA:888,107,0,0
BRDA:888,107,1,0
BRDA:889,108,0,0
BRDA:889,108,1,0
BRDA:890,109,0,0
BRDA:890,109,1,0
BRDA:890,110,0,0
BRDA:890,110,1,0
BRDA:890,110,2,0
BRDA:893,111,0,0
BRDA:893,111,1,0
BRDA:893,112,0,0
BRDA:893,112,1,0
BRDA:894,113,0,0
BRDA:894,113,1,0
BRDA:894,114,0,0
BRDA:894,114,1,0
BRDA:894,114,2,0
BRDA:904,115,0,0
BRDA:904,115,1,0
BRDA:923,116,0,0
BRDA:923,117,0,0
BRDA:923,117,1,0
BRDA:925,118,0,0
BRDA:925,118,1,0
BRDA:930,119,0,0
BRDA:930,119,1,0
BRDA:934,120,0,0
BRDA:934,120,1,0
BRDA:935,121,0,0
BRDA:935,121,1,0
BRDA:941,122,0,0
BRDA:941,122,1,0
BRDA:947,123,0,0
BRDA:947,123,1,0
BRDA:950,124,0,0
BRDA:950,124,1,0
BRDA:968,125,0,0
BRDA:968,125,1,0
BRDA:968,126,0,0
BRDA:968,126,1,0
BRDA:972,127,0,0
BRDA:972,127,1,0
BRDA:977,128,0,0
BRDA:977,128,1,0
BRDA:983,129,0,0
BRDA:983,129,1,0
BRDA:985,130,0,0
BRDA:985,130,1,0
BRDA:990,131,0,0
BRDA:990,131,1,0
BRDA:992,132,0,0
BRDA:992,132,1,0
BRDA:992,132,2,0
BRDA:992,132,3,0
BRDA:993,133,0,0
BRDA:993,133,1,0
BRDA:993,134,0,0
BRDA:993,134,1,0
BRDA:995,135,0,0
BRDA:995,135,1,0
BRDA:995,135,2,0
BRDA:995,135,3,0
BRDA:998,136,0,0
BRDA:998,136,1,0
BRDA:1034,137,0,0
BRDA:1034,137,1,0
BRDA:1035,138,0,0
BRDA:1035,138,1,0
BRDA:1035,138,2,0
BRDA:1042,139,0,0
BRDA:1042,139,1,0
BRDA:1047,140,0,0
BRDA:1047,140,1,0
BRDA:1053,141,0,0
BRDA:1053,141,1,0
BRDA:1061,142,0,0
BRDA:1061,142,1,0
BRDA:1061,143,0,0
BRDA:1061,143,1,0
BRDA:1097,144,0,0
BRDA:1097,144,1,0
BRDA:1102,145,0,0
BRDA:1102,145,1,0
BRDA:1107,146,0,0
BRDA:1107,146,1,0
BRDA:1108,147,0,0
BRDA:1108,147,1,0
BRDA:1134,148,0,0
BRDA:1134,148,1,0
BRDA:1139,149,0,0
BRDA:1139,149,1,0
BRDA:1145,150,0,0
BRDA:1145,150,1,0
BRDA:1175,151,0,0
BRDA:1175,151,1,0
BRDA:1182,152,0,0
BRDA:1182,152,1,0
BRDA:1187,153,0,0
BRDA:1187,153,1,0
BRDA:1187,154,0,0
BRDA:1187,154,1,0
BRDA:1195,155,0,0
BRDA:1195,155,1,0
BRDA:1197,156,0,0
BRDA:1197,156,1,0
BRDA:1201,157,0,0
BRDA:1201,157,1,0
BRDA:1202,158,0,0
BRDA:1202,158,1,0
BRDA:1203,159,0,0
BRDA:1203,159,1,0
BRDA:1203,160,0,0
BRDA:1203,160,1,0
BRDA:1204,161,0,0
BRDA:1204,161,1,0
BRDA:1204,161,2,0
BRDA:1207,162,0,0
BRDA:1207,162,1,0
BRDA:1216,163,0,0
BRDA:1216,163,1,0
BRDA:1246,164,0,0
BRDA:1246,164,1,0
BRDA:1252,165,0,0
BRDA:1252,165,1,0
BRDA:1254,166,0,0
BRDA:1254,166,1,0
BRDA:1258,167,0,0
BRDA:1258,167,1,0
BRDA:1259,168,0,0
BRDA:1259,168,1,0
BRDA:1260,169,0,0
BRDA:1260,169,1,0
BRDA:1260,170,0,0
BRDA:1260,170,1,0
BRDA:1261,171,0,0
BRDA:1261,171,1,0
BRDA:1261,171,2,0
BRDA:1264,172,0,0
BRDA:1264,172,1,0
BRDA:1285,173,0,0
BRDA:1285,173,1,0
BRDA:1290,174,0,0
BRDA:1290,174,1,0
BRDA:1295,175,0,0
BRDA:1295,175,1,0
BRDA:1296,176,0,0
BRDA:1296,176,1,0
BRDA:1323,177,0,0
BRDA:1323,177,1,0
BRDA:1333,178,0,0
BRDA:1333,178,1,0
BRDA:1354,179,0,0
BRDA:1354,179,1,0
BRDA:1360,180,0,0
BRDA:1360,180,1,0
BRDA:1385,181,0,0
BRDA:1385,181,1,0
BRDA:1385,182,0,0
BRDA:1385,182,1,0
BRDA:1390,183,0,0
BRDA:1390,183,1,0
BRDA:1392,184,0,0
BRDA:1392,184,1,0
BRDA:1407,185,0,0
BRDA:1407,185,1,0
BRDA:1410,186,0,0
BRDA:1410,186,1,0
BRF:380
BRH:22
end_of_record
TN:
SF:routes\documents.js
FN:9,(anonymous_0)
FN:38,(anonymous_1)
FNF:2
FNH:0
FNDA:0,(anonymous_0)
FNDA:0,(anonymous_1)
DA:1,1
DA:2,1
DA:4,1
DA:9,1
DA:10,0
DA:11,0
DA:12,0
DA:13,0
DA:16,0
DA:18,0
DA:24,0
DA:29,0
DA:38,1
DA:39,0
DA:40,0
DA:41,0
DA:42,0
DA:45,0
DA:47,0
DA:53,0
DA:55,0
DA:62,1
LF:22
LH:6
BRDA:12,0,0,0
BRDA:12,0,1,0
BRDA:12,1,0,0
BRDA:12,1,1,0
BRDA:12,1,2,0
BRDA:31,2,0,0
BRDA:31,2,1,0
BRDA:40,3,0,0
BRDA:41,4,0,0
BRDA:41,4,1,0
BRDA:41,5,0,0
BRDA:41,5,1,0
BRDA:50,6,0,0
BRDA:50,6,1,0
BRDA:57,7,0,0
BRDA:57,7,1,0
BRF:16
BRH:0
end_of_record
TN:
SF:routes\employees.js
FN:7,(anonymous_0)
FNF:1
FNH:0
FNDA:0,(anonymous_0)
DA:1,1
DA:2,1
DA:3,1
DA:4,1
DA:7,1
DA:8,0
DA:9,0
DA:11,0
DA:12,0
DA:15,0
DA:16,0
DA:18,0
DA:19,0
DA:23,1
LF:14
LH:6
BRDA:11,0,0,0
BRDA:11,0,1,0
BRF:2
BRH:0
end_of_record
TN:
SF:routes\gmail.js
FN:7,(anonymous_0)
FN:7,(anonymous_1)
FN:13,b64urlToUtf8
FN:20,extractPlainText
FN:26,(anonymous_4)
FN:29,(anonymous_5)
FN:36,gmailProfile
FN:44,tokenExchangeByCode
FN:61,refreshAccess
FN:85,fetchHistoryAll
FN:106,(anonymous_10)
FN:107,(anonymous_11)
FN:116,fetchMessages
FN:125,(anonymous_13)
FN:125,(anonymous_14)
FN:140,bootstrapList
FN:155,(anonymous_16)
FN:165,(anonymous_17)
FN:182,(anonymous_18)
FN:214,(anonymous_19)
FN:225,(anonymous_20)
FNF:21
FNH:0
FNDA:0,(anonymous_0)
FNDA:0,(anonymous_1)
FNDA:0,b64urlToUtf8
FNDA:0,extractPlainText
FNDA:0,(anonymous_4)
FNDA:0,(anonymous_5)
FNDA:0,gmailProfile
FNDA:0,tokenExchangeByCode
FNDA:0,refreshAccess
FNDA:0,fetchHistoryAll
FNDA:0,(anonymous_10)
FNDA:0,(anonymous_11)
FNDA:0,fetchMessages
FNDA:0,(anonymous_13)
FNDA:0,(anonymous_14)
FNDA:0,bootstrapList
FNDA:0,(anonymous_16)
FNDA:0,(anonymous_17)
FNDA:0,(anonymous_18)
FNDA:0,(anonymous_19)
FNDA:0,(anonymous_20)
DA:4,1
DA:5,1
DA:6,1
DA:7,1
DA:9,1
DA:10,1
DA:14,0
DA:15,0
DA:16,0
DA:17,0
DA:21,0
DA:23,0
DA:24,0
DA:26,0
DA:27,0
DA:29,0
DA:30,0
DA:32,0
DA:33,0
DA:37,0
DA:40,0
DA:41,0
DA:45,0
DA:56,0
DA:57,0
DA:58,0
DA:63,0
DA:64,0
DA:74,0
DA:75,0
DA:76,0
DA:77,0
DA:78,0
DA:82,0
DA:87,0
DA:88,0
DA:89,0
DA:91,0
DA:92,0
DA:93,0
DA:94,0
DA:96,0
DA:97,0
DA:99,0
DA:100,0
DA:101,0
DA:103,0
DA:104,0
DA:106,0
DA:107,0
DA:109,0
DA:110,0
DA:113,0
DA:117,0
DA:118,0
DA:119,0
DA:120,0
DA:123,0
DA:124,0
DA:125,0
DA:126,0
DA:127,0
DA:137,0
DA:141,0
DA:142,0
DA:143,0
DA:144,0
DA:146,0
DA:147,0
DA:148,0
DA:149,0
DA:150,0
DA:152,0
DA:153,0
DA:154,0
DA:155,0
DA:156,0
DA:159,0
DA:165,1
DA:166,0
DA:167,0
DA:168,0
DA:178,0
DA:182,1
DA:183,0
DA:184,0
DA:185,0
DA:186,0
DA:189,0
DA:191,0
DA:206,0
DA:208,0
DA:209,0
DA:214,1
DA:215,0
DA:216,0
DA:225,1
DA:226,0
DA:227,0
DA:228,0
DA:229,0
DA:230,0
DA:232,0
DA:233,0
DA:235,0
DA:238,0
DA:239,0
DA:240,0
DA:242,0
DA:243,0
DA:244,0
DA:245,0
DA:246,0
DA:248,0
DA:250,0
DA:251,0
DA:252,0
DA:254,0
DA:258,0
DA:261,0
DA:262,0
DA:263,0
DA:265,0
DA:266,0
DA:269,0
DA:272,0
DA:273,0
DA:279,0
DA:285,0
DA:286,0
DA:290,1
LF:131
LH:11
BRDA:14,0,0,0
BRDA:14,0,1,0
BRDA:21,1,0,0
BRDA:21,1,1,0
BRDA:23,2,0,0
BRDA:23,2,1,0
BRDA:23,3,0,0
BRDA:23,3,1,0
BRDA:26,4,0,0
BRDA:26,4,1,0
BRDA:26,5,0,0
BRDA:26,5,1,0
BRDA:27,6,0,0
BRDA:27,6,1,0
BRDA:29,7,0,0
BRDA:29,7,1,0
BRDA:29,8,0,0
BRDA:29,8,1,0
BRDA:30,9,0,0
BRDA:30,9,1,0
BRDA:32,10,0,0
BRDA:32,10,1,0
BRDA:40,11,0,0
BRDA:40,11,1,0
BRDA:57,12,0,0
BRDA:57,12,1,0
BRDA:63,13,0,0
BRDA:63,13,1,0
BRDA:63,14,0,0
BRDA:63,14,1,0
BRDA:63,14,2,0
BRDA:75,15,0,0
BRDA:75,15,1,0
BRDA:77,16,0,0
BRDA:77,16,1,0
BRDA:94,17,0,0
BRDA:94,17,1,0
BRDA:97,18,0,0
BRDA:97,18,1,0
BRDA:104,19,0,0
BRDA:104,19,1,0
BRDA:106,20,0,0
BRDA:106,20,1,0
BRDA:107,21,0,0
BRDA:107,21,1,0
BRDA:109,22,0,0
BRDA:109,22,1,0
BRDA:124,23,0,0
BRDA:124,23,1,0
BRDA:125,24,0,0
BRDA:125,24,1,0
BRDA:125,25,0,0
BRDA:125,25,1,0
BRDA:140,26,0,0
BRDA:140,27,0,0
BRDA:140,28,0,0
BRDA:142,29,0,0
BRDA:142,29,1,0
BRDA:150,30,0,0
BRDA:150,30,1,0
BRDA:154,31,0,0
BRDA:154,31,1,0
BRDA:155,32,0,0
BRDA:155,32,1,0
BRDA:156,33,0,0
BRDA:156,33,1,0
BRDA:156,34,0,0
BRDA:156,34,1,0
BRDA:157,35,0,0
BRDA:157,35,1,0
BRDA:197,36,0,0
BRDA:197,36,1,0
BRDA:218,37,0,0
BRDA:218,37,1,0
BRDA:219,38,0,0
BRDA:219,38,1,0
BRDA:227,39,0,0
BRDA:227,39,1,0
BRDA:228,40,0,0
BRDA:228,40,1,0
BRDA:233,41,0,0
BRDA:233,41,1,0
BRDA:242,42,0,0
BRDA:242,42,1,0
BRDA:242,43,0,0
BRDA:242,43,1,0
BRDA:246,44,0,0
BRDA:246,44,1,0
BRDA:248,45,0,0
BRDA:248,45,1,0
BRDA:261,46,0,0
BRDA:261,46,1,0
BRDA:261,47,0,0
BRDA:261,47,1,0
BRDA:272,48,0,0
BRDA:272,48,1,0
BRF:96
BRH:0
end_of_record
TN:
SF:routes\uploadRoutes.js
FN:12,(anonymous_0)
FN:29,normalizeTicketsPayload
FN:35,fetchAssignedTickets
FN:42,(anonymous_3)
FN:48,downloadBuffer
FN:54,extractFromPdf
FN:60,extractFromTextLike
FN:66,stripHtml
FN:71,cleanAndNormalizeText
FN:82,extractTextFromUrl
FN:117,semanticChunkText
FN:154,simpleChunkText
FN:165,getEmbeddings
FN:176,ensureUserIndex
FN:182,(anonymous_14)
FN:217,(anonymous_15)
FN:249,(anonymous_16)
FN:251,(anonymous_17)
FN:252,(anonymous_18)
FN:253,(anonymous_19)
FN:261,expandQuery
FN:276,(anonymous_21)
FN:277,(anonymous_22)
FN:279,(anonymous_23)
FN:288,(anonymous_24)
FN:354,(anonymous_25)
FN:370,(anonymous_26)
FN:378,(anonymous_27)
FN:397,(anonymous_28)
FN:431,(anonymous_29)
FNF:30
FNH:0
FNDA:0,(anonymous_0)
FNDA:0,normalizeTicketsPayload
FNDA:0,fetchAssignedTickets
FNDA:0,(anonymous_3)
FNDA:0,downloadBuffer
FNDA:0,extractFromPdf
FNDA:0,extractFromTextLike
FNDA:0,stripHtml
FNDA:0,cleanAndNormalizeText
FNDA:0,extractTextFromUrl
FNDA:0,semanticChunkText
FNDA:0,simpleChunkText
FNDA:0,getEmbeddings
FNDA:0,ensureUserIndex
FNDA:0,(anonymous_14)
FNDA:0,(anonymous_15)
FNDA:0,(anonymous_16)
FNDA:0,(anonymous_17)
FNDA:0,(anonymous_18)
FNDA:0,(anonymous_19)
FNDA:0,expandQuery
FNDA:0,(anonymous_21)
FNDA:0,(anonymous_22)
FNDA:0,(anonymous_23)
FNDA:0,(anonymous_24)
FNDA:0,(anonymous_25)
FNDA:0,(anonymous_26)
FNDA:0,(anonymous_27)
FNDA:0,(anonymous_28)
FNDA:0,(anonymous_29)
DA:1,1
DA:2,1
DA:3,1
DA:4,1
DA:5,1
DA:6,1
DA:7,1
DA:8,1
DA:9,1
DA:12,1
DA:13,0
DA:14,0
DA:15,0
DA:23,0
DA:24,0
DA:30,0
DA:31,0
DA:32,0
DA:36,0
DA:37,0
DA:41,0
DA:42,0
DA:43,0
DA:45,0
DA:49,0
DA:50,0
DA:51,0
DA:55,0
DA:56,0
DA:57,0
DA:61,0
DA:62,0
DA:63,0
DA:67,0
DA:72,0
DA:83,0
DA:84,0
DA:86,0
DA:87,0
DA:88,0
DA:89,0
DA:90,0
DA:92,0
DA:93,0
DA:95,0
DA:100,0
DA:101,0
DA:109,0
DA:118,0
DA:119,0
DA:120,0
DA:121,0
DA:123,0
DA:124,0
DA:125,0
DA:128,0
DA:129,0
DA:132,0
DA:133,0
DA:134,0
DA:137,0
DA:138,0
DA:142,0
DA:143,0
DA:147,0
DA:148,0
DA:151,0
DA:155,0
DA:156,0
DA:157,0
DA:158,0
DA:159,0
DA:161,0
DA:166,0
DA:167,0
DA:172,0
DA:177,0
DA:179,0
DA:180,0
DA:181,0
DA:182,0
DA:183,0
DA:185,0
DA:189,0
DA:190,0
DA:191,0
DA:193,0
DA:194,0
DA:196,0
DA:197,0
DA:198,0
DA:199,0
DA:200,0
DA:201,0
DA:202,0
DA:204,0
DA:205,0
DA:207,0
DA:210,0
DA:211,0
DA:212,0
DA:215,0
DA:217,0
DA:218,0
DA:219,0
DA:221,0
DA:241,0
DA:246,0
DA:249,0
DA:250,0
DA:251,0
DA:252,0
DA:253,0
DA:257,0
DA:263,0
DA:273,0
DA:274,0
DA:276,0
DA:277,0
DA:278,0
DA:279,0
DA:284,0
DA:288,1
DA:289,0
DA:299,0
DA:301,0
DA:302,0
DA:305,0
DA:306,0
DA:307,0
DA:309,0
DA:312,0
DA:313,0
DA:316,0
DA:317,0
DA:318,0
DA:322,0
DA:323,0
DA:325,0
DA:326,0
DA:327,0
DA:329,0
DA:332,0
DA:338,0
DA:340,0
DA:341,0
DA:342,0
DA:343,0
DA:349,0
DA:350,0
DA:351,0
DA:352,0
DA:354,0
DA:355,0
DA:364,0
DA:369,0
DA:370,0
DA:371,0
DA:372,0
DA:373,0
DA:377,0
DA:378,0
DA:381,0
DA:382,0
DA:390,0
DA:397,0
DA:398,0
DA:399,0
DA:401,0
DA:404,0
DA:407,0
DA:417,0
DA:424,0
DA:425,0
DA:427,0
DA:428,0
DA:431,0
DA:442,0
DA:453,0
DA:454,0
DA:458,1
LF:181
LH:12
BRDA:14,0,0,0
BRDA:14,0,1,0
BRDA:30,1,0,0
BRDA:30,1,1,0
BRDA:31,2,0,0
BRDA:31,2,1,0
BRDA:31,3,0,0
BRDA:31,3,1,0
BRDA:36,4,0,0
BRDA:36,4,1,0
BRDA:38,5,0,0
BRDA:38,5,1,0
BRDA:41,6,0,0
BRDA:41,6,1,0
BRDA:50,7,0,0
BRDA:50,7,1,0
BRDA:57,8,0,0
BRDA:57,8,1,0
BRDA:62,9,0,0
BRDA:62,9,1,0
BRDA:83,10,0,0
BRDA:83,10,1,0
BRDA:86,11,0,0
BRDA:86,11,1,0
BRDA:88,12,0,0
BRDA:88,12,1,0
BRDA:88,13,0,0
BRDA:88,13,1,0
BRDA:88,13,2,0
BRDA:90,14,0,0
BRDA:90,14,1,0
BRDA:117,15,0,0
BRDA:117,16,0,0
BRDA:117,17,0,0
BRDA:117,18,0,0
BRDA:118,19,0,0
BRDA:118,19,1,0
BRDA:128,20,0,0
BRDA:128,20,1,0
BRDA:128,21,0,0
BRDA:128,21,1,0
BRDA:142,22,0,0
BRDA:142,22,1,0
BRDA:147,23,0,0
BRDA:147,23,1,0
BRDA:147,24,0,0
BRDA:147,24,1,0
BRDA:154,25,0,0
BRDA:154,26,0,0
BRDA:154,27,0,0
BRDA:166,28,0,0
BRDA:166,28,1,0
BRDA:176,29,0,0
BRDA:176,30,0,0
BRDA:179,31,0,0
BRDA:179,31,1,0
BRDA:182,32,0,0
BRDA:182,32,1,0
BRDA:183,33,0,0
BRDA:183,33,1,0
BRDA:194,34,0,0
BRDA:194,34,1,0
BRDA:198,35,0,0
BRDA:198,35,1,0
BRDA:199,36,0,0
BRDA:199,36,1,0
BRDA:201,37,0,0
BRDA:201,37,1,0
BRDA:201,38,0,0
BRDA:201,38,1,0
BRDA:207,39,0,0
BRDA:207,39,1,0
BRDA:207,40,0,0
BRDA:207,40,1,0
BRDA:211,41,0,0
BRDA:211,41,1,0
BRDA:219,42,0,0
BRDA:219,42,1,0
BRDA:222,43,0,0
BRDA:222,43,1,0
BRDA:226,44,0,0
BRDA:226,44,1,0
BRDA:228,45,0,0
BRDA:228,45,1,0
BRDA:229,46,0,0
BRDA:229,46,1,0
BRDA:229,46,2,0
BRDA:230,47,0,0
BRDA:230,47,1,0
BRDA:232,48,0,0
BRDA:232,48,1,0
BRDA:235,49,0,0
BRDA:235,49,1,0
BRDA:235,50,0,0
BRDA:235,50,1,0
BRDA:246,51,0,0
BRDA:246,51,1,0
BRDA:278,52,0,0
BRDA:278,52,1,0
BRDA:292,53,0,0
BRDA:293,54,0,0
BRDA:294,55,0,0
BRDA:295,56,0,0
BRDA:296,57,0,0
BRDA:297,58,0,0
BRDA:298,59,0,0
BRDA:299,60,0,0
BRDA:299,60,1,0
BRDA:301,61,0,0
BRDA:301,61,1,0
BRDA:301,62,0,0
BRDA:301,62,1,0
BRDA:305,63,0,0
BRDA:305,63,1,0
BRDA:307,64,0,0
BRDA:307,64,1,0
BRDA:316,65,0,0
BRDA:316,65,1,0
BRDA:322,66,0,0
BRDA:322,66,1,0
BRDA:335,67,0,0
BRDA:335,67,1,0
BRDA:349,68,0,0
BRDA:349,68,1,0
BRDA:352,69,0,0
BRDA:352,69,1,0
BRDA:358,70,0,0
BRDA:358,70,1,0
BRDA:372,71,0,0
BRDA:372,71,1,0
BRDA:372,72,0,0
BRDA:372,72,1,0
BRDA:378,73,0,0
BRDA:378,73,1,0
BRDA:378,74,0,0
BRDA:378,74,1,0
BRDA:381,75,0,0
BRDA:381,75,1,0
BRDA:391,76,0,0
BRDA:391,76,1,0
BRDA:401,77,0,0
BRDA:401,77,1,0
BRDA:401,78,0,0
BRDA:401,78,1,0
BRDA:428,79,0,0
BRDA:428,79,1,0
BRDA:428,80,0,0
BRDA:428,80,1,0
BRDA:433,81,0,0
BRDA:433,81,1,0
BRDA:434,82,0,0
BRDA:434,82,1,0
BRDA:435,83,0,0
BRDA:435,83,1,0
BRDA:436,84,0,0
BRDA:436,84,1,0
BRDA:437,85,0,0
BRDA:437,85,1,0
BRDA:438,86,0,0
BRDA:438,86,1,0
BRDA:439,87,0,0
BRDA:439,87,1,0
BRDA:444,88,0,0
BRDA:444,88,1,0
BRF:164
BRH:0
end_of_record
